[2025-08-22T06:07:29.372+0000] {local_task_job_runner.py:120} INFO - ::group::Pre task execution logs
[2025-08-22T06:07:29.418+0000] {taskinstance.py:2076} INFO - Dependencies all met for dep_context=non-requeueable deps ti=<TaskInstance: stock_etl_pipeline.extract scheduled__2025-08-21T00:00:00+00:00 [queued]>
[2025-08-22T06:07:29.427+0000] {taskinstance.py:2076} INFO - Dependencies all met for dep_context=requeueable deps ti=<TaskInstance: stock_etl_pipeline.extract scheduled__2025-08-21T00:00:00+00:00 [queued]>
[2025-08-22T06:07:29.428+0000] {taskinstance.py:2306} INFO - Starting attempt 1 of 1
[2025-08-22T06:07:29.446+0000] {taskinstance.py:2330} INFO - Executing <Task(_PythonDecoratedOperator): extract> on 2025-08-21 00:00:00+00:00
[2025-08-22T06:07:29.452+0000] {standard_task_runner.py:63} INFO - Started process 181 to run task
[2025-08-22T06:07:29.456+0000] {standard_task_runner.py:90} INFO - Running: ['***', 'tasks', 'run', 'stock_etl_pipeline', 'extract', 'scheduled__2025-08-21T00:00:00+00:00', '--job-id', '3', '--raw', '--subdir', 'DAGS_FOLDER/fetch_stock_prices.py', '--cfg-path', '/tmp/tmp5y0s5ohh']
[2025-08-22T06:07:29.459+0000] {standard_task_runner.py:91} INFO - Job 3: Subtask extract
[2025-08-22T06:07:29.542+0000] {task_command.py:426} INFO - Running <TaskInstance: stock_etl_pipeline.extract scheduled__2025-08-21T00:00:00+00:00 [running]> on host 45b0b72cb42c
[2025-08-22T06:07:29.667+0000] {taskinstance.py:2648} INFO - Exporting env vars: AIRFLOW_CTX_DAG_OWNER='***' AIRFLOW_CTX_DAG_ID='stock_etl_pipeline' AIRFLOW_CTX_TASK_ID='extract' AIRFLOW_CTX_EXECUTION_DATE='2025-08-21T00:00:00+00:00' AIRFLOW_CTX_TRY_NUMBER='1' AIRFLOW_CTX_DAG_RUN_ID='scheduled__2025-08-21T00:00:00+00:00'
[2025-08-22T06:07:29.668+0000] {taskinstance.py:430} INFO - ::endgroup::
[2025-08-22T06:07:30.145+0000] {python.py:237} INFO - Done. Returned value was: {"Information": "Thank you for using Alpha Vantage! This is a premium endpoint. You may subscribe to any of the premium plans at https://www.alphavantage.co/premium/ to instantly unlock all premium endpoints"}
[2025-08-22T06:07:30.147+0000] {taskinstance.py:441} INFO - ::group::Post task execution logs
[2025-08-22T06:07:30.182+0000] {taskinstance.py:1206} INFO - Marking task as SUCCESS. dag_id=stock_etl_pipeline, task_id=extract, run_id=scheduled__2025-08-21T00:00:00+00:00, execution_date=20250821T000000, start_date=20250822T060729, end_date=20250822T060730
[2025-08-22T06:07:30.210+0000] {local_task_job_runner.py:240} INFO - Task exited with return code 0
[2025-08-22T06:07:30.249+0000] {taskinstance.py:3503} INFO - 0 downstream tasks scheduled from follow-on schedule check
[2025-08-22T06:07:30.252+0000] {local_task_job_runner.py:222} INFO - ::endgroup::
[2025-08-22T06:27:48.224+0000] {local_task_job_runner.py:120} INFO - ::group::Pre task execution logs
[2025-08-22T06:27:48.271+0000] {taskinstance.py:2076} INFO - Dependencies all met for dep_context=non-requeueable deps ti=<TaskInstance: stock_etl_pipeline.extract scheduled__2025-08-21T00:00:00+00:00 [queued]>
[2025-08-22T06:27:48.281+0000] {taskinstance.py:2076} INFO - Dependencies all met for dep_context=requeueable deps ti=<TaskInstance: stock_etl_pipeline.extract scheduled__2025-08-21T00:00:00+00:00 [queued]>
[2025-08-22T06:27:48.282+0000] {taskinstance.py:2306} INFO - Starting attempt 1 of 3
[2025-08-22T06:27:48.297+0000] {taskinstance.py:2330} INFO - Executing <Task(_PythonDecoratedOperator): extract> on 2025-08-21 00:00:00+00:00
[2025-08-22T06:27:48.301+0000] {standard_task_runner.py:63} INFO - Started process 184 to run task
[2025-08-22T06:27:48.307+0000] {standard_task_runner.py:90} INFO - Running: ['***', 'tasks', 'run', 'stock_etl_pipeline', 'extract', 'scheduled__2025-08-21T00:00:00+00:00', '--job-id', '5', '--raw', '--subdir', 'DAGS_FOLDER/fetch_stock_prices.py', '--cfg-path', '/tmp/tmpwm18idd5']
[2025-08-22T06:27:48.310+0000] {standard_task_runner.py:91} INFO - Job 5: Subtask extract
[2025-08-22T06:27:48.437+0000] {task_command.py:426} INFO - Running <TaskInstance: stock_etl_pipeline.extract scheduled__2025-08-21T00:00:00+00:00 [running]> on host 25f32958f358
[2025-08-22T06:27:48.587+0000] {taskinstance.py:2648} INFO - Exporting env vars: AIRFLOW_CTX_DAG_OWNER='***' AIRFLOW_CTX_DAG_ID='stock_etl_pipeline' AIRFLOW_CTX_TASK_ID='extract' AIRFLOW_CTX_EXECUTION_DATE='2025-08-21T00:00:00+00:00' AIRFLOW_CTX_TRY_NUMBER='1' AIRFLOW_CTX_DAG_RUN_ID='scheduled__2025-08-21T00:00:00+00:00'
[2025-08-22T06:27:48.589+0000] {taskinstance.py:430} INFO - ::endgroup::
[2025-08-22T06:27:48.590+0000] {fetch_stock_prices.py:55} INFO - Extracting data for symbol: AAPL
[2025-08-22T06:27:49.012+0000] {taskinstance.py:441} INFO - ::group::Post task execution logs
[2025-08-22T06:27:49.035+0000] {taskinstance.py:2905} ERROR - Task failed with exception
Traceback (most recent call last):
  File "/home/airflow/.local/lib/python3.10/site-packages/airflow/models/taskinstance.py", line 465, in _execute_task
    result = _execute_callable(context=context, **execute_callable_kwargs)
  File "/home/airflow/.local/lib/python3.10/site-packages/airflow/models/taskinstance.py", line 432, in _execute_callable
    return execute_callable(context=context, **execute_callable_kwargs)
  File "/home/airflow/.local/lib/python3.10/site-packages/airflow/models/baseoperator.py", line 401, in wrapper
    return func(self, *args, **kwargs)
  File "/home/airflow/.local/lib/python3.10/site-packages/airflow/decorators/base.py", line 265, in execute
    return_value = super().execute(context)
  File "/home/airflow/.local/lib/python3.10/site-packages/airflow/models/baseoperator.py", line 401, in wrapper
    return func(self, *args, **kwargs)
  File "/home/airflow/.local/lib/python3.10/site-packages/airflow/operators/python.py", line 235, in execute
    return_value = self.execute_callable()
  File "/home/airflow/.local/lib/python3.10/site-packages/airflow/operators/python.py", line 252, in execute_callable
    return self.python_callable(*self.op_args, **self.op_kwargs)
  File "/opt/airflow/dags/fetch_stock_prices.py", line 83, in extract
    raise AirflowException(f"No time series data found for {symbol}. Response: {data}")
airflow.exceptions.AirflowException: No time series data found for AAPL. Response: {'Information': 'Thank you for using Alpha Vantage! This is a premium endpoint. You may subscribe to any of the premium plans at https://www.alphavantage.co/premium/ to instantly unlock all premium endpoints'}
[2025-08-22T06:27:49.042+0000] {taskinstance.py:1206} INFO - Marking task as UP_FOR_RETRY. dag_id=stock_etl_pipeline, task_id=extract, run_id=scheduled__2025-08-21T00:00:00+00:00, execution_date=20250821T000000, start_date=20250822T062748, end_date=20250822T062749
[2025-08-22T06:27:49.058+0000] {standard_task_runner.py:110} ERROR - Failed to execute job 5 for task extract (No time series data found for AAPL. Response: {'Information': 'Thank you for using Alpha Vantage! This is a premium endpoint. You may subscribe to any of the premium plans at https://www.alphavantage.co/premium/ to instantly unlock all premium endpoints'}; 184)
[2025-08-22T06:27:49.065+0000] {local_task_job_runner.py:240} INFO - Task exited with return code 1
[2025-08-22T06:27:49.083+0000] {local_task_job_runner.py:222} INFO - ::endgroup::
