[2025-08-22T06:32:49.510+0000] {local_task_job_runner.py:120} INFO - ::group::Pre task execution logs
[2025-08-22T06:32:49.551+0000] {taskinstance.py:2076} INFO - Dependencies all met for dep_context=non-requeueable deps ti=<TaskInstance: stock_etl_pipeline.extract__3 scheduled__2025-08-21T00:00:00+00:00 [queued]>
[2025-08-22T06:32:49.560+0000] {taskinstance.py:2076} INFO - Dependencies all met for dep_context=requeueable deps ti=<TaskInstance: stock_etl_pipeline.extract__3 scheduled__2025-08-21T00:00:00+00:00 [queued]>
[2025-08-22T06:32:49.561+0000] {taskinstance.py:2306} INFO - Starting attempt 2 of 3
[2025-08-22T06:32:49.575+0000] {taskinstance.py:2330} INFO - Executing <Task(_PythonDecoratedOperator): extract__3> on 2025-08-21 00:00:00+00:00
[2025-08-22T06:32:49.579+0000] {standard_task_runner.py:63} INFO - Started process 240 to run task
[2025-08-22T06:32:49.584+0000] {standard_task_runner.py:90} INFO - Running: ['***', 'tasks', 'run', 'stock_etl_pipeline', 'extract__3', 'scheduled__2025-08-21T00:00:00+00:00', '--job-id', '8', '--raw', '--subdir', 'DAGS_FOLDER/fetch_stock_prices.py', '--cfg-path', '/tmp/tmp9dca82d3']
[2025-08-22T06:32:49.585+0000] {standard_task_runner.py:91} INFO - Job 8: Subtask extract__3
[2025-08-22T06:32:49.685+0000] {task_command.py:426} INFO - Running <TaskInstance: stock_etl_pipeline.extract__3 scheduled__2025-08-21T00:00:00+00:00 [running]> on host 25f32958f358
[2025-08-22T06:32:49.841+0000] {taskinstance.py:2648} INFO - Exporting env vars: AIRFLOW_CTX_DAG_OWNER='***' AIRFLOW_CTX_DAG_ID='stock_etl_pipeline' AIRFLOW_CTX_TASK_ID='extract__3' AIRFLOW_CTX_EXECUTION_DATE='2025-08-21T00:00:00+00:00' AIRFLOW_CTX_TRY_NUMBER='2' AIRFLOW_CTX_DAG_RUN_ID='scheduled__2025-08-21T00:00:00+00:00'
[2025-08-22T06:32:49.843+0000] {taskinstance.py:430} INFO - ::endgroup::
[2025-08-22T06:32:49.845+0000] {fetch_stock_prices.py:55} INFO - Extracting data for symbol: TSLA
[2025-08-22T06:32:50.869+0000] {taskinstance.py:441} INFO - ::group::Post task execution logs
[2025-08-22T06:32:50.887+0000] {taskinstance.py:2905} ERROR - Task failed with exception
Traceback (most recent call last):
  File "/home/airflow/.local/lib/python3.10/site-packages/airflow/models/taskinstance.py", line 465, in _execute_task
    result = _execute_callable(context=context, **execute_callable_kwargs)
  File "/home/airflow/.local/lib/python3.10/site-packages/airflow/models/taskinstance.py", line 432, in _execute_callable
    return execute_callable(context=context, **execute_callable_kwargs)
  File "/home/airflow/.local/lib/python3.10/site-packages/airflow/models/baseoperator.py", line 401, in wrapper
    return func(self, *args, **kwargs)
  File "/home/airflow/.local/lib/python3.10/site-packages/airflow/decorators/base.py", line 265, in execute
    return_value = super().execute(context)
  File "/home/airflow/.local/lib/python3.10/site-packages/airflow/models/baseoperator.py", line 401, in wrapper
    return func(self, *args, **kwargs)
  File "/home/airflow/.local/lib/python3.10/site-packages/airflow/operators/python.py", line 235, in execute
    return_value = self.execute_callable()
  File "/home/airflow/.local/lib/python3.10/site-packages/airflow/operators/python.py", line 252, in execute_callable
    return self.python_callable(*self.op_args, **self.op_kwargs)
  File "/opt/airflow/dags/fetch_stock_prices.py", line 83, in extract
    raise AirflowException(f"No time series data found for {symbol}. Response: {data}")
airflow.exceptions.AirflowException: No time series data found for TSLA. Response: {'Information': 'Thank you for using Alpha Vantage! This is a premium endpoint. You may subscribe to any of the premium plans at https://www.alphavantage.co/premium/ to instantly unlock all premium endpoints'}
[2025-08-22T06:32:50.892+0000] {taskinstance.py:1206} INFO - Marking task as UP_FOR_RETRY. dag_id=stock_etl_pipeline, task_id=extract__3, run_id=scheduled__2025-08-21T00:00:00+00:00, execution_date=20250821T000000, start_date=20250822T063249, end_date=20250822T063250
[2025-08-22T06:32:50.904+0000] {standard_task_runner.py:110} ERROR - Failed to execute job 8 for task extract__3 (No time series data found for TSLA. Response: {'Information': 'Thank you for using Alpha Vantage! This is a premium endpoint. You may subscribe to any of the premium plans at https://www.alphavantage.co/premium/ to instantly unlock all premium endpoints'}; 240)
[2025-08-22T06:32:50.913+0000] {local_task_job_runner.py:240} INFO - Task exited with return code 1
[2025-08-22T06:32:50.930+0000] {local_task_job_runner.py:222} INFO - ::endgroup::
