[2025-08-21T18:15:59.909+0000] {local_task_job_runner.py:120} INFO - ::group::Pre task execution logs
[2025-08-21T18:15:59.964+0000] {taskinstance.py:2076} INFO - Dependencies all met for dep_context=non-requeueable deps ti=<TaskInstance: stock_prices_pipeline.fetch_and_store scheduled__2025-08-20T00:00:00+00:00 map_index=0 [queued]>
[2025-08-21T18:15:59.974+0000] {taskinstance.py:2076} INFO - Dependencies all met for dep_context=requeueable deps ti=<TaskInstance: stock_prices_pipeline.fetch_and_store scheduled__2025-08-20T00:00:00+00:00 map_index=0 [queued]>
[2025-08-21T18:15:59.975+0000] {taskinstance.py:2306} INFO - Starting attempt 1 of 1
[2025-08-21T18:15:59.989+0000] {taskinstance.py:2330} INFO - Executing <Mapped(_PythonDecoratedOperator): fetch_and_store> on 2025-08-20 00:00:00+00:00
[2025-08-21T18:15:59.995+0000] {standard_task_runner.py:63} INFO - Started process 192 to run task
[2025-08-21T18:16:00.002+0000] {standard_task_runner.py:90} INFO - Running: ['***', 'tasks', 'run', 'stock_prices_pipeline', 'fetch_and_store', 'scheduled__2025-08-20T00:00:00+00:00', '--job-id', '3', '--raw', '--subdir', 'DAGS_FOLDER/fetch_stock_prices.py', '--cfg-path', '/tmp/tmp14ox8kqn', '--map-index', '0']
[2025-08-21T18:16:00.003+0000] {standard_task_runner.py:91} INFO - Job 3: Subtask fetch_and_store
[2025-08-21T18:16:00.096+0000] {task_command.py:426} INFO - Running <TaskInstance: stock_prices_pipeline.fetch_and_store scheduled__2025-08-20T00:00:00+00:00 map_index=0 [running]> on host 9a80646bf15f
[2025-08-21T18:16:00.244+0000] {taskinstance.py:2648} INFO - Exporting env vars: AIRFLOW_CTX_DAG_OWNER='***' AIRFLOW_CTX_DAG_ID='stock_prices_pipeline' AIRFLOW_CTX_TASK_ID='fetch_and_store' AIRFLOW_CTX_EXECUTION_DATE='2025-08-20T00:00:00+00:00' AIRFLOW_CTX_TRY_NUMBER='1' AIRFLOW_CTX_DAG_RUN_ID='scheduled__2025-08-20T00:00:00+00:00'
[2025-08-21T18:16:00.245+0000] {taskinstance.py:430} INFO - ::endgroup::
[2025-08-21T18:16:00.247+0000] {taskinstance.py:441} INFO - ::group::Post task execution logs
[2025-08-21T18:16:00.247+0000] {taskinstance.py:2905} ERROR - Task failed with exception
Traceback (most recent call last):
  File "/home/airflow/.local/lib/python3.10/site-packages/airflow/models/taskinstance.py", line 465, in _execute_task
    result = _execute_callable(context=context, **execute_callable_kwargs)
  File "/home/airflow/.local/lib/python3.10/site-packages/airflow/models/taskinstance.py", line 432, in _execute_callable
    return execute_callable(context=context, **execute_callable_kwargs)
  File "/home/airflow/.local/lib/python3.10/site-packages/airflow/models/baseoperator.py", line 401, in wrapper
    return func(self, *args, **kwargs)
  File "/home/airflow/.local/lib/python3.10/site-packages/airflow/decorators/base.py", line 265, in execute
    return_value = super().execute(context)
  File "/home/airflow/.local/lib/python3.10/site-packages/airflow/models/baseoperator.py", line 401, in wrapper
    return func(self, *args, **kwargs)
  File "/home/airflow/.local/lib/python3.10/site-packages/airflow/operators/python.py", line 235, in execute
    return_value = self.execute_callable()
  File "/home/airflow/.local/lib/python3.10/site-packages/airflow/operators/python.py", line 252, in execute_callable
    return self.python_callable(*self.op_args, **self.op_kwargs)
  File "/opt/airflow/dags/fetch_stock_prices.py", line 16, in fetch_and_store
    from scripts.fetch_alpha import fetch_daily
ModuleNotFoundError: No module named 'scripts.fetch_alpha'
[2025-08-21T18:16:00.263+0000] {taskinstance.py:1206} INFO - Marking task as FAILED. dag_id=stock_prices_pipeline, task_id=fetch_and_store, run_id=scheduled__2025-08-20T00:00:00+00:00, map_index=0, execution_date=20250820T000000, start_date=20250821T181559, end_date=20250821T181600
[2025-08-21T18:16:00.276+0000] {standard_task_runner.py:110} ERROR - Failed to execute job 3 for task fetch_and_store (No module named 'scripts.fetch_alpha'; 192)
[2025-08-21T18:16:00.305+0000] {local_task_job_runner.py:240} INFO - Task exited with return code 1
[2025-08-21T18:16:00.321+0000] {local_task_job_runner.py:222} INFO - ::endgroup::
