[2025-08-22T06:07:29.373+0000] {local_task_job_runner.py:120} INFO - ::group::Pre task execution logs
[2025-08-22T06:07:29.419+0000] {taskinstance.py:2076} INFO - Dependencies all met for dep_context=non-requeueable deps ti=<TaskInstance: stock_etl_pipeline.extract__1 scheduled__2025-08-21T00:00:00+00:00 [queued]>
[2025-08-22T06:07:29.432+0000] {taskinstance.py:2076} INFO - Dependencies all met for dep_context=requeueable deps ti=<TaskInstance: stock_etl_pipeline.extract__1 scheduled__2025-08-21T00:00:00+00:00 [queued]>
[2025-08-22T06:07:29.432+0000] {taskinstance.py:2306} INFO - Starting attempt 1 of 1
[2025-08-22T06:07:29.451+0000] {taskinstance.py:2330} INFO - Executing <Task(_PythonDecoratedOperator): extract__1> on 2025-08-21 00:00:00+00:00
[2025-08-22T06:07:29.456+0000] {standard_task_runner.py:63} INFO - Started process 182 to run task
[2025-08-22T06:07:29.460+0000] {standard_task_runner.py:90} INFO - Running: ['***', 'tasks', 'run', 'stock_etl_pipeline', 'extract__1', 'scheduled__2025-08-21T00:00:00+00:00', '--job-id', '4', '--raw', '--subdir', 'DAGS_FOLDER/fetch_stock_prices.py', '--cfg-path', '/tmp/tmpkkvjfdph']
[2025-08-22T06:07:29.464+0000] {standard_task_runner.py:91} INFO - Job 4: Subtask extract__1
[2025-08-22T06:07:29.544+0000] {task_command.py:426} INFO - Running <TaskInstance: stock_etl_pipeline.extract__1 scheduled__2025-08-21T00:00:00+00:00 [running]> on host 45b0b72cb42c
[2025-08-22T06:07:29.667+0000] {taskinstance.py:2648} INFO - Exporting env vars: AIRFLOW_CTX_DAG_OWNER='***' AIRFLOW_CTX_DAG_ID='stock_etl_pipeline' AIRFLOW_CTX_TASK_ID='extract__1' AIRFLOW_CTX_EXECUTION_DATE='2025-08-21T00:00:00+00:00' AIRFLOW_CTX_TRY_NUMBER='1' AIRFLOW_CTX_DAG_RUN_ID='scheduled__2025-08-21T00:00:00+00:00'
[2025-08-22T06:07:29.668+0000] {taskinstance.py:430} INFO - ::endgroup::
[2025-08-22T06:07:30.146+0000] {python.py:237} INFO - Done. Returned value was: {"Information": "Thank you for using Alpha Vantage! This is a premium endpoint. You may subscribe to any of the premium plans at https://www.alphavantage.co/premium/ to instantly unlock all premium endpoints"}
[2025-08-22T06:07:30.147+0000] {taskinstance.py:441} INFO - ::group::Post task execution logs
[2025-08-22T06:07:30.182+0000] {taskinstance.py:1206} INFO - Marking task as SUCCESS. dag_id=stock_etl_pipeline, task_id=extract__1, run_id=scheduled__2025-08-21T00:00:00+00:00, execution_date=20250821T000000, start_date=20250822T060729, end_date=20250822T060730
[2025-08-22T06:07:30.215+0000] {local_task_job_runner.py:240} INFO - Task exited with return code 0
[2025-08-22T06:07:30.234+0000] {local_task_job_runner.py:222} INFO - ::endgroup::
[2025-08-22T06:27:48.220+0000] {local_task_job_runner.py:120} INFO - ::group::Pre task execution logs
[2025-08-22T06:27:48.263+0000] {taskinstance.py:2076} INFO - Dependencies all met for dep_context=non-requeueable deps ti=<TaskInstance: stock_etl_pipeline.extract__1 scheduled__2025-08-21T00:00:00+00:00 [queued]>
[2025-08-22T06:27:48.273+0000] {taskinstance.py:2076} INFO - Dependencies all met for dep_context=requeueable deps ti=<TaskInstance: stock_etl_pipeline.extract__1 scheduled__2025-08-21T00:00:00+00:00 [queued]>
[2025-08-22T06:27:48.274+0000] {taskinstance.py:2306} INFO - Starting attempt 1 of 3
[2025-08-22T06:27:48.292+0000] {taskinstance.py:2330} INFO - Executing <Task(_PythonDecoratedOperator): extract__1> on 2025-08-21 00:00:00+00:00
[2025-08-22T06:27:48.297+0000] {standard_task_runner.py:63} INFO - Started process 183 to run task
[2025-08-22T06:27:48.304+0000] {standard_task_runner.py:90} INFO - Running: ['***', 'tasks', 'run', 'stock_etl_pipeline', 'extract__1', 'scheduled__2025-08-21T00:00:00+00:00', '--job-id', '4', '--raw', '--subdir', 'DAGS_FOLDER/fetch_stock_prices.py', '--cfg-path', '/tmp/tmp2fgzwhyr']
[2025-08-22T06:27:48.306+0000] {standard_task_runner.py:91} INFO - Job 4: Subtask extract__1
[2025-08-22T06:27:48.411+0000] {task_command.py:426} INFO - Running <TaskInstance: stock_etl_pipeline.extract__1 scheduled__2025-08-21T00:00:00+00:00 [running]> on host 25f32958f358
[2025-08-22T06:27:48.576+0000] {taskinstance.py:2648} INFO - Exporting env vars: AIRFLOW_CTX_DAG_OWNER='***' AIRFLOW_CTX_DAG_ID='stock_etl_pipeline' AIRFLOW_CTX_TASK_ID='extract__1' AIRFLOW_CTX_EXECUTION_DATE='2025-08-21T00:00:00+00:00' AIRFLOW_CTX_TRY_NUMBER='1' AIRFLOW_CTX_DAG_RUN_ID='scheduled__2025-08-21T00:00:00+00:00'
[2025-08-22T06:27:48.578+0000] {taskinstance.py:430} INFO - ::endgroup::
[2025-08-22T06:27:48.580+0000] {fetch_stock_prices.py:55} INFO - Extracting data for symbol: MSFT
[2025-08-22T06:27:49.013+0000] {taskinstance.py:441} INFO - ::group::Post task execution logs
[2025-08-22T06:27:49.036+0000] {taskinstance.py:2905} ERROR - Task failed with exception
Traceback (most recent call last):
  File "/home/airflow/.local/lib/python3.10/site-packages/airflow/models/taskinstance.py", line 465, in _execute_task
    result = _execute_callable(context=context, **execute_callable_kwargs)
  File "/home/airflow/.local/lib/python3.10/site-packages/airflow/models/taskinstance.py", line 432, in _execute_callable
    return execute_callable(context=context, **execute_callable_kwargs)
  File "/home/airflow/.local/lib/python3.10/site-packages/airflow/models/baseoperator.py", line 401, in wrapper
    return func(self, *args, **kwargs)
  File "/home/airflow/.local/lib/python3.10/site-packages/airflow/decorators/base.py", line 265, in execute
    return_value = super().execute(context)
  File "/home/airflow/.local/lib/python3.10/site-packages/airflow/models/baseoperator.py", line 401, in wrapper
    return func(self, *args, **kwargs)
  File "/home/airflow/.local/lib/python3.10/site-packages/airflow/operators/python.py", line 235, in execute
    return_value = self.execute_callable()
  File "/home/airflow/.local/lib/python3.10/site-packages/airflow/operators/python.py", line 252, in execute_callable
    return self.python_callable(*self.op_args, **self.op_kwargs)
  File "/opt/airflow/dags/fetch_stock_prices.py", line 83, in extract
    raise AirflowException(f"No time series data found for {symbol}. Response: {data}")
airflow.exceptions.AirflowException: No time series data found for MSFT. Response: {'Information': 'Thank you for using Alpha Vantage! This is a premium endpoint. You may subscribe to any of the premium plans at https://www.alphavantage.co/premium/ to instantly unlock all premium endpoints'}
[2025-08-22T06:27:49.043+0000] {taskinstance.py:1206} INFO - Marking task as UP_FOR_RETRY. dag_id=stock_etl_pipeline, task_id=extract__1, run_id=scheduled__2025-08-21T00:00:00+00:00, execution_date=20250821T000000, start_date=20250822T062748, end_date=20250822T062749
[2025-08-22T06:27:49.059+0000] {standard_task_runner.py:110} ERROR - Failed to execute job 4 for task extract__1 (No time series data found for MSFT. Response: {'Information': 'Thank you for using Alpha Vantage! This is a premium endpoint. You may subscribe to any of the premium plans at https://www.alphavantage.co/premium/ to instantly unlock all premium endpoints'}; 183)
[2025-08-22T06:27:49.103+0000] {local_task_job_runner.py:240} INFO - Task exited with return code 1
[2025-08-22T06:27:49.167+0000] {taskinstance.py:3503} INFO - 0 downstream tasks scheduled from follow-on schedule check
[2025-08-22T06:27:49.169+0000] {local_task_job_runner.py:222} INFO - ::endgroup::
