[2025-08-21T17:53:40.771+0000] {manager.py:470} INFO - Processing files using up to 2 processes at a time 
[2025-08-21T17:53:40.772+0000] {manager.py:471} INFO - Process each file at most once every 30 seconds
[2025-08-21T17:53:40.772+0000] {manager.py:472} INFO - Checking for new files in /opt/airflow/dags every 300 seconds
[2025-08-21T17:53:40.773+0000] {manager.py:737} INFO - Searching for files in /opt/airflow/dags
[2025-08-21T17:53:40.777+0000] {manager.py:740} INFO - There are 0 files in /opt/airflow/dags
[2025-08-21T17:55:16.764+0000] {manager.py:452} INFO - Exiting gracefully upon receiving signal 15
[2025-08-21T17:55:57.515+0000] {manager.py:470} INFO - Processing files using up to 2 processes at a time 
[2025-08-21T17:55:57.515+0000] {manager.py:471} INFO - Process each file at most once every 30 seconds
[2025-08-21T17:55:57.516+0000] {manager.py:472} INFO - Checking for new files in /opt/airflow/dags every 300 seconds
[2025-08-21T17:55:57.517+0000] {manager.py:737} INFO - Searching for files in /opt/airflow/dags
[2025-08-21T17:55:57.520+0000] {manager.py:740} INFO - There are 0 files in /opt/airflow/dags
[2025-08-21T17:58:09.409+0000] {manager.py:452} INFO - Exiting gracefully upon receiving signal 15
[2025-08-21T18:14:21.654+0000] {manager.py:470} INFO - Processing files using up to 2 processes at a time 
[2025-08-21T18:14:21.655+0000] {manager.py:471} INFO - Process each file at most once every 30 seconds
[2025-08-21T18:14:21.656+0000] {manager.py:472} INFO - Checking for new files in /opt/airflow/dags every 300 seconds
[2025-08-21T18:14:21.657+0000] {manager.py:737} INFO - Searching for files in /opt/airflow/dags
[2025-08-21T18:14:21.665+0000] {manager.py:740} INFO - There are 1 files in /opt/airflow/dags
[2025-08-21T18:14:21.890+0000] {manager.py:878} INFO - 
================================================================================
DAG File Processing Stats

File Path                                  PID  Runtime      # DAGs    # Errors  Last Runtime    Last Run
---------------------------------------  -----  ---------  --------  ----------  --------------  ----------
/opt/airflow/dags/fetch_stock_prices.py    169  0.08s             0           0
================================================================================
[2025-08-21T18:14:52.060+0000] {manager.py:878} INFO - 
================================================================================
DAG File Processing Stats

File Path                                  PID  Runtime      # DAGs    # Errors  Last Runtime    Last Run
---------------------------------------  -----  ---------  --------  ----------  --------------  -------------------
/opt/airflow/dags/fetch_stock_prices.py    174  0.01s             1           0  0.21s           2025-08-21T18:14:22
================================================================================
[2025-08-21T18:15:22.336+0000] {manager.py:878} INFO - 
================================================================================
DAG File Processing Stats

File Path                                PID    Runtime      # DAGs    # Errors  Last Runtime    Last Run
---------------------------------------  -----  ---------  --------  ----------  --------------  -------------------
/opt/airflow/dags/fetch_stock_prices.py                           1           0  0.40s           2025-08-21T18:14:52
================================================================================
[2025-08-21T18:15:52.798+0000] {manager.py:878} INFO - 
================================================================================
DAG File Processing Stats

File Path                                  PID  Runtime      # DAGs    # Errors  Last Runtime    Last Run
---------------------------------------  -----  ---------  --------  ----------  --------------  -------------------
/opt/airflow/dags/fetch_stock_prices.py    184  0.00s             1           0  0.14s           2025-08-21T18:15:22
================================================================================
[2025-08-21T18:16:23.089+0000] {manager.py:878} INFO - 
================================================================================
DAG File Processing Stats

File Path                                  PID  Runtime      # DAGs    # Errors  Last Runtime    Last Run
---------------------------------------  -----  ---------  --------  ----------  --------------  -------------------
/opt/airflow/dags/fetch_stock_prices.py    193  0.00s             1           0  0.16s           2025-08-21T18:15:52
================================================================================
[2025-08-21T18:16:46.168+0000] {manager.py:452} INFO - Exiting gracefully upon receiving signal 15
[2025-08-21T18:18:26.976+0000] {manager.py:470} INFO - Processing files using up to 2 processes at a time 
[2025-08-21T18:18:26.976+0000] {manager.py:471} INFO - Process each file at most once every 30 seconds
[2025-08-21T18:18:26.977+0000] {manager.py:472} INFO - Checking for new files in /opt/airflow/dags every 300 seconds
[2025-08-21T18:18:26.978+0000] {manager.py:737} INFO - Searching for files in /opt/airflow/dags
[2025-08-21T18:18:26.983+0000] {manager.py:740} INFO - There are 1 files in /opt/airflow/dags
[2025-08-21T18:18:27.110+0000] {manager.py:878} INFO - 
================================================================================
DAG File Processing Stats

File Path                                  PID  Runtime      # DAGs    # Errors  Last Runtime    Last Run
---------------------------------------  -----  ---------  --------  ----------  --------------  ----------
/opt/airflow/dags/fetch_stock_prices.py    168  0.04s             0           0
================================================================================
[2025-08-21T18:18:57.285+0000] {manager.py:878} INFO - 
================================================================================
DAG File Processing Stats

File Path                                  PID  Runtime      # DAGs    # Errors  Last Runtime    Last Run
---------------------------------------  -----  ---------  --------  ----------  --------------  -------------------
/opt/airflow/dags/fetch_stock_prices.py    173  0.01s             1           0  0.15s           2025-08-21T18:18:27
================================================================================
[2025-08-21T18:19:27.529+0000] {manager.py:878} INFO - 
================================================================================
DAG File Processing Stats

File Path                                PID    Runtime      # DAGs    # Errors  Last Runtime    Last Run
---------------------------------------  -----  ---------  --------  ----------  --------------  -------------------
/opt/airflow/dags/fetch_stock_prices.py                           1           0  0.33s           2025-08-21T18:18:57
================================================================================
[2025-08-21T18:19:57.968+0000] {manager.py:878} INFO - 
================================================================================
DAG File Processing Stats

File Path                                  PID  Runtime      # DAGs    # Errors  Last Runtime    Last Run
---------------------------------------  -----  ---------  --------  ----------  --------------  -------------------
/opt/airflow/dags/fetch_stock_prices.py    183  0.00s             1           0  0.13s           2025-08-21T18:19:27
================================================================================
[2025-08-21T18:20:28.318+0000] {manager.py:878} INFO - 
================================================================================
DAG File Processing Stats

File Path                                  PID  Runtime      # DAGs    # Errors  Last Runtime    Last Run
---------------------------------------  -----  ---------  --------  ----------  --------------  -------------------
/opt/airflow/dags/fetch_stock_prices.py    188  0.00s             1           0  0.13s           2025-08-21T18:19:58
================================================================================
[2025-08-21T18:20:58.504+0000] {manager.py:878} INFO - 
================================================================================
DAG File Processing Stats

File Path                                  PID  Runtime      # DAGs    # Errors  Last Runtime    Last Run
---------------------------------------  -----  ---------  --------  ----------  --------------  -------------------
/opt/airflow/dags/fetch_stock_prices.py    193  0.00s             1           0  0.14s           2025-08-21T18:20:28
================================================================================
[2025-08-21T18:21:28.842+0000] {manager.py:878} INFO - 
================================================================================
DAG File Processing Stats

File Path                                  PID  Runtime      # DAGs    # Errors  Last Runtime    Last Run
---------------------------------------  -----  ---------  --------  ----------  --------------  -------------------
/opt/airflow/dags/fetch_stock_prices.py    198  0.00s             1           0  0.17s           2025-08-21T18:20:58
================================================================================
[2025-08-21T18:21:59.207+0000] {manager.py:878} INFO - 
================================================================================
DAG File Processing Stats

File Path                                  PID  Runtime      # DAGs    # Errors  Last Runtime    Last Run
---------------------------------------  -----  ---------  --------  ----------  --------------  -------------------
/opt/airflow/dags/fetch_stock_prices.py    203  0.00s             1           0  0.15s           2025-08-21T18:21:28
================================================================================
[2025-08-21T18:22:29.508+0000] {manager.py:878} INFO - 
================================================================================
DAG File Processing Stats

File Path                                  PID  Runtime      # DAGs    # Errors  Last Runtime    Last Run
---------------------------------------  -----  ---------  --------  ----------  --------------  -------------------
/opt/airflow/dags/fetch_stock_prices.py    208  0.00s             1           0  0.16s           2025-08-21T18:21:59
================================================================================
[2025-08-21T18:22:59.713+0000] {manager.py:878} INFO - 
================================================================================
DAG File Processing Stats

File Path                                  PID  Runtime      # DAGs    # Errors  Last Runtime    Last Run
---------------------------------------  -----  ---------  --------  ----------  --------------  -------------------
/opt/airflow/dags/fetch_stock_prices.py    213  0.00s             1           0  0.15s           2025-08-21T18:22:29
================================================================================
[2025-08-21T18:23:26.985+0000] {manager.py:737} INFO - Searching for files in /opt/airflow/dags
[2025-08-21T18:23:26.992+0000] {manager.py:740} INFO - There are 1 files in /opt/airflow/dags
[2025-08-21T18:23:30.037+0000] {manager.py:878} INFO - 
================================================================================
DAG File Processing Stats

File Path                                  PID  Runtime      # DAGs    # Errors  Last Runtime    Last Run
---------------------------------------  -----  ---------  --------  ----------  --------------  -------------------
/opt/airflow/dags/fetch_stock_prices.py    218  0.00s             1           0  0.18s           2025-08-21T18:22:59
================================================================================
[2025-08-21T18:24:00.263+0000] {manager.py:878} INFO - 
================================================================================
DAG File Processing Stats

File Path                                  PID  Runtime      # DAGs    # Errors  Last Runtime    Last Run
---------------------------------------  -----  ---------  --------  ----------  --------------  -------------------
/opt/airflow/dags/fetch_stock_prices.py    223  0.00s             1           0  0.22s           2025-08-21T18:23:30
================================================================================
[2025-08-21T18:24:30.452+0000] {manager.py:878} INFO - 
================================================================================
DAG File Processing Stats

File Path                                  PID  Runtime      # DAGs    # Errors  Last Runtime    Last Run
---------------------------------------  -----  ---------  --------  ----------  --------------  -------------------
/opt/airflow/dags/fetch_stock_prices.py    228  0.00s             1           0  0.13s           2025-08-21T18:24:00
================================================================================
[2025-08-21T18:25:00.726+0000] {manager.py:878} INFO - 
================================================================================
DAG File Processing Stats

File Path                                  PID  Runtime      # DAGs    # Errors  Last Runtime    Last Run
---------------------------------------  -----  ---------  --------  ----------  --------------  -------------------
/opt/airflow/dags/fetch_stock_prices.py    233  0.00s             1           0  0.13s           2025-08-21T18:24:30
================================================================================
[2025-08-21T18:25:31.004+0000] {manager.py:878} INFO - 
================================================================================
DAG File Processing Stats

File Path                                  PID  Runtime      # DAGs    # Errors  Last Runtime    Last Run
---------------------------------------  -----  ---------  --------  ----------  --------------  -------------------
/opt/airflow/dags/fetch_stock_prices.py    238  0.00s             1           0  0.14s           2025-08-21T18:25:00
================================================================================
[2025-08-21T18:26:01.191+0000] {manager.py:878} INFO - 
================================================================================
DAG File Processing Stats

File Path                                PID    Runtime      # DAGs    # Errors  Last Runtime    Last Run
---------------------------------------  -----  ---------  --------  ----------  --------------  -------------------
/opt/airflow/dags/fetch_stock_prices.py                           1           0  0.20s           2025-08-21T18:25:31
================================================================================
[2025-08-21T18:26:31.545+0000] {manager.py:878} INFO - 
================================================================================
DAG File Processing Stats

File Path                                  PID  Runtime      # DAGs    # Errors  Last Runtime    Last Run
---------------------------------------  -----  ---------  --------  ----------  --------------  -------------------
/opt/airflow/dags/fetch_stock_prices.py    248  0.00s             1           0  0.14s           2025-08-21T18:26:01
================================================================================
[2025-08-21T18:27:01.839+0000] {manager.py:878} INFO - 
================================================================================
DAG File Processing Stats

File Path                                  PID  Runtime      # DAGs    # Errors  Last Runtime    Last Run
---------------------------------------  -----  ---------  --------  ----------  --------------  -------------------
/opt/airflow/dags/fetch_stock_prices.py    253  0.00s             1           0  0.13s           2025-08-21T18:26:31
================================================================================
[2025-08-21T18:27:32.048+0000] {manager.py:878} INFO - 
================================================================================
DAG File Processing Stats

File Path                                  PID  Runtime      # DAGs    # Errors  Last Runtime    Last Run
---------------------------------------  -----  ---------  --------  ----------  --------------  -------------------
/opt/airflow/dags/fetch_stock_prices.py    258  0.00s             1           0  0.13s           2025-08-21T18:27:01
================================================================================
[2025-08-21T18:28:02.252+0000] {manager.py:878} INFO - 
================================================================================
DAG File Processing Stats

File Path                                  PID  Runtime      # DAGs    # Errors  Last Runtime    Last Run
---------------------------------------  -----  ---------  --------  ----------  --------------  -------------------
/opt/airflow/dags/fetch_stock_prices.py    263  0.00s             1           0  0.15s           2025-08-21T18:27:32
================================================================================
[2025-08-21T18:28:27.488+0000] {manager.py:737} INFO - Searching for files in /opt/airflow/dags
[2025-08-21T18:28:27.498+0000] {manager.py:740} INFO - There are 1 files in /opt/airflow/dags
[2025-08-21T18:28:32.550+0000] {manager.py:878} INFO - 
================================================================================
DAG File Processing Stats

File Path                                  PID  Runtime      # DAGs    # Errors  Last Runtime    Last Run
---------------------------------------  -----  ---------  --------  ----------  --------------  -------------------
/opt/airflow/dags/fetch_stock_prices.py    268  0.00s             1           0  0.13s           2025-08-21T18:28:02
================================================================================
[2025-08-21T18:29:02.755+0000] {manager.py:878} INFO - 
================================================================================
DAG File Processing Stats

File Path                                  PID  Runtime      # DAGs    # Errors  Last Runtime    Last Run
---------------------------------------  -----  ---------  --------  ----------  --------------  -------------------
/opt/airflow/dags/fetch_stock_prices.py    273  0.00s             1           0  0.13s           2025-08-21T18:28:32
================================================================================
[2025-08-21T18:29:33.016+0000] {manager.py:878} INFO - 
================================================================================
DAG File Processing Stats

File Path                                  PID  Runtime      # DAGs    # Errors  Last Runtime    Last Run
---------------------------------------  -----  ---------  --------  ----------  --------------  -------------------
/opt/airflow/dags/fetch_stock_prices.py    278  0.00s             1           0  0.13s           2025-08-21T18:29:02
================================================================================
[2025-08-21T18:30:03.216+0000] {manager.py:878} INFO - 
================================================================================
DAG File Processing Stats

File Path                                  PID  Runtime      # DAGs    # Errors  Last Runtime    Last Run
---------------------------------------  -----  ---------  --------  ----------  --------------  -------------------
/opt/airflow/dags/fetch_stock_prices.py    283  0.00s             1           0  0.13s           2025-08-21T18:29:33
================================================================================
[2025-08-21T18:30:33.502+0000] {manager.py:878} INFO - 
================================================================================
DAG File Processing Stats

File Path                                  PID  Runtime      # DAGs    # Errors  Last Runtime    Last Run
---------------------------------------  -----  ---------  --------  ----------  --------------  -------------------
/opt/airflow/dags/fetch_stock_prices.py    288  0.00s             1           0  0.13s           2025-08-21T18:30:03
================================================================================
[2025-08-21T18:31:03.701+0000] {manager.py:878} INFO - 
================================================================================
DAG File Processing Stats

File Path                                  PID  Runtime      # DAGs    # Errors  Last Runtime    Last Run
---------------------------------------  -----  ---------  --------  ----------  --------------  -------------------
/opt/airflow/dags/fetch_stock_prices.py    293  0.00s             1           0  0.12s           2025-08-21T18:30:33
================================================================================
[2025-08-21T18:31:33.973+0000] {manager.py:878} INFO - 
================================================================================
DAG File Processing Stats

File Path                                  PID  Runtime      # DAGs    # Errors  Last Runtime    Last Run
---------------------------------------  -----  ---------  --------  ----------  --------------  -------------------
/opt/airflow/dags/fetch_stock_prices.py    298  0.00s             1           0  0.13s           2025-08-21T18:31:03
================================================================================
[2025-08-21T18:32:04.183+0000] {manager.py:878} INFO - 
================================================================================
DAG File Processing Stats

File Path                                  PID  Runtime      # DAGs    # Errors  Last Runtime    Last Run
---------------------------------------  -----  ---------  --------  ----------  --------------  -------------------
/opt/airflow/dags/fetch_stock_prices.py    303  0.00s             1           0  0.14s           2025-08-21T18:31:34
================================================================================
[2025-08-21T18:32:34.445+0000] {manager.py:878} INFO - 
================================================================================
DAG File Processing Stats

File Path                                  PID  Runtime      # DAGs    # Errors  Last Runtime    Last Run
---------------------------------------  -----  ---------  --------  ----------  --------------  -------------------
/opt/airflow/dags/fetch_stock_prices.py    308  0.00s             1           0  0.15s           2025-08-21T18:32:04
================================================================================
[2025-08-21T18:33:04.711+0000] {manager.py:878} INFO - 
================================================================================
DAG File Processing Stats

File Path                                  PID  Runtime      # DAGs    # Errors  Last Runtime    Last Run
---------------------------------------  -----  ---------  --------  ----------  --------------  -------------------
/opt/airflow/dags/fetch_stock_prices.py    313  0.00s             1           0  0.13s           2025-08-21T18:32:34
================================================================================
[2025-08-21T18:33:27.873+0000] {manager.py:737} INFO - Searching for files in /opt/airflow/dags
[2025-08-21T18:33:27.881+0000] {manager.py:740} INFO - There are 1 files in /opt/airflow/dags
[2025-08-21T18:33:34.948+0000] {manager.py:878} INFO - 
================================================================================
DAG File Processing Stats

File Path                                  PID  Runtime      # DAGs    # Errors  Last Runtime    Last Run
---------------------------------------  -----  ---------  --------  ----------  --------------  -------------------
/opt/airflow/dags/fetch_stock_prices.py    318  0.00s             1           0  0.13s           2025-08-21T18:33:04
================================================================================
[2025-08-21T18:34:05.215+0000] {manager.py:878} INFO - 
================================================================================
DAG File Processing Stats

File Path                                  PID  Runtime      # DAGs    # Errors  Last Runtime    Last Run
---------------------------------------  -----  ---------  --------  ----------  --------------  -------------------
/opt/airflow/dags/fetch_stock_prices.py    323  0.00s             1           0  0.14s           2025-08-21T18:33:35
================================================================================
[2025-08-21T18:34:35.413+0000] {manager.py:878} INFO - 
================================================================================
DAG File Processing Stats

File Path                                  PID  Runtime      # DAGs    # Errors  Last Runtime    Last Run
---------------------------------------  -----  ---------  --------  ----------  --------------  -------------------
/opt/airflow/dags/fetch_stock_prices.py    328  0.00s             1           0  0.13s           2025-08-21T18:34:05
================================================================================
[2025-08-21T18:35:05.700+0000] {manager.py:878} INFO - 
================================================================================
DAG File Processing Stats

File Path                                  PID  Runtime      # DAGs    # Errors  Last Runtime    Last Run
---------------------------------------  -----  ---------  --------  ----------  --------------  -------------------
/opt/airflow/dags/fetch_stock_prices.py    333  0.00s             1           0  0.13s           2025-08-21T18:34:35
================================================================================
[2025-08-21T18:35:35.898+0000] {manager.py:878} INFO - 
================================================================================
DAG File Processing Stats

File Path                                  PID  Runtime      # DAGs    # Errors  Last Runtime    Last Run
---------------------------------------  -----  ---------  --------  ----------  --------------  -------------------
/opt/airflow/dags/fetch_stock_prices.py    338  0.00s             1           0  0.13s           2025-08-21T18:35:05
================================================================================
[2025-08-21T18:36:06.172+0000] {manager.py:878} INFO - 
================================================================================
DAG File Processing Stats

File Path                                  PID  Runtime      # DAGs    # Errors  Last Runtime    Last Run
---------------------------------------  -----  ---------  --------  ----------  --------------  -------------------
/opt/airflow/dags/fetch_stock_prices.py    343  0.00s             1           0  0.13s           2025-08-21T18:35:36
================================================================================
[2025-08-21T18:36:36.369+0000] {manager.py:878} INFO - 
================================================================================
DAG File Processing Stats

File Path                                  PID  Runtime      # DAGs    # Errors  Last Runtime    Last Run
---------------------------------------  -----  ---------  --------  ----------  --------------  -------------------
/opt/airflow/dags/fetch_stock_prices.py    348  0.00s             1           0  0.14s           2025-08-21T18:36:06
================================================================================
[2025-08-21T18:37:06.731+0000] {manager.py:878} INFO - 
================================================================================
DAG File Processing Stats

File Path                                  PID  Runtime      # DAGs    # Errors  Last Runtime    Last Run
---------------------------------------  -----  ---------  --------  ----------  --------------  -------------------
/opt/airflow/dags/fetch_stock_prices.py    353  0.00s             1           0  0.13s           2025-08-21T18:36:36
================================================================================
[2025-08-21T18:37:36.929+0000] {manager.py:878} INFO - 
================================================================================
DAG File Processing Stats

File Path                                  PID  Runtime      # DAGs    # Errors  Last Runtime    Last Run
---------------------------------------  -----  ---------  --------  ----------  --------------  -------------------
/opt/airflow/dags/fetch_stock_prices.py    358  0.00s             1           0  0.16s           2025-08-21T18:37:06
================================================================================
[2025-08-21T18:38:07.224+0000] {manager.py:878} INFO - 
================================================================================
DAG File Processing Stats

File Path                                  PID  Runtime      # DAGs    # Errors  Last Runtime    Last Run
---------------------------------------  -----  ---------  --------  ----------  --------------  -------------------
/opt/airflow/dags/fetch_stock_prices.py    363  0.00s             1           0  0.14s           2025-08-21T18:37:37
================================================================================
[2025-08-21T18:38:28.357+0000] {manager.py:737} INFO - Searching for files in /opt/airflow/dags
[2025-08-21T18:38:28.364+0000] {manager.py:740} INFO - There are 1 files in /opt/airflow/dags
[2025-08-21T18:38:37.437+0000] {manager.py:878} INFO - 
================================================================================
DAG File Processing Stats

File Path                                  PID  Runtime      # DAGs    # Errors  Last Runtime    Last Run
---------------------------------------  -----  ---------  --------  ----------  --------------  -------------------
/opt/airflow/dags/fetch_stock_prices.py    368  0.00s             1           0  0.14s           2025-08-21T18:38:07
================================================================================
[2025-08-21T18:39:07.699+0000] {manager.py:878} INFO - 
================================================================================
DAG File Processing Stats

File Path                                  PID  Runtime      # DAGs    # Errors  Last Runtime    Last Run
---------------------------------------  -----  ---------  --------  ----------  --------------  -------------------
/opt/airflow/dags/fetch_stock_prices.py    373  0.00s             1           0  0.13s           2025-08-21T18:38:37
================================================================================
[2025-08-21T18:39:37.898+0000] {manager.py:878} INFO - 
================================================================================
DAG File Processing Stats

File Path                                  PID  Runtime      # DAGs    # Errors  Last Runtime    Last Run
---------------------------------------  -----  ---------  --------  ----------  --------------  -------------------
/opt/airflow/dags/fetch_stock_prices.py    378  0.00s             1           0  0.15s           2025-08-21T18:39:07
================================================================================
[2025-08-21T18:40:08.186+0000] {manager.py:878} INFO - 
================================================================================
DAG File Processing Stats

File Path                                  PID  Runtime      # DAGs    # Errors  Last Runtime    Last Run
---------------------------------------  -----  ---------  --------  ----------  --------------  -------------------
/opt/airflow/dags/fetch_stock_prices.py    383  0.00s             1           0  0.14s           2025-08-21T18:39:38
================================================================================
[2025-08-21T18:40:38.395+0000] {manager.py:878} INFO - 
================================================================================
DAG File Processing Stats

File Path                                  PID  Runtime      # DAGs    # Errors  Last Runtime    Last Run
---------------------------------------  -----  ---------  --------  ----------  --------------  -------------------
/opt/airflow/dags/fetch_stock_prices.py    388  0.00s             1           0  0.13s           2025-08-21T18:40:08
================================================================================
[2025-08-21T18:41:08.675+0000] {manager.py:878} INFO - 
================================================================================
DAG File Processing Stats

File Path                                  PID  Runtime      # DAGs    # Errors  Last Runtime    Last Run
---------------------------------------  -----  ---------  --------  ----------  --------------  -------------------
/opt/airflow/dags/fetch_stock_prices.py    393  0.00s             1           0  0.13s           2025-08-21T18:40:38
================================================================================
[2025-08-21T18:41:36.945+0000] {manager.py:452} INFO - Exiting gracefully upon receiving signal 15
[2025-08-22T05:30:58.071+0000] {manager.py:470} INFO - Processing files using up to 2 processes at a time 
[2025-08-22T05:30:58.072+0000] {manager.py:471} INFO - Process each file at most once every 30 seconds
[2025-08-22T05:30:58.073+0000] {manager.py:472} INFO - Checking for new files in /opt/airflow/dags every 300 seconds
[2025-08-22T05:30:58.073+0000] {manager.py:737} INFO - Searching for files in /opt/airflow/dags
[2025-08-22T05:30:58.080+0000] {manager.py:740} INFO - There are 1 files in /opt/airflow/dags
[2025-08-22T05:30:58.271+0000] {manager.py:878} INFO - 
================================================================================
DAG File Processing Stats

File Path                                  PID  Runtime      # DAGs    # Errors  Last Runtime    Last Run
---------------------------------------  -----  ---------  --------  ----------  --------------  ----------
/opt/airflow/dags/fetch_stock_prices.py    168  0.06s             0           0
================================================================================
[2025-08-22T05:31:28.410+0000] {manager.py:878} INFO - 
================================================================================
DAG File Processing Stats

File Path                                PID    Runtime      # DAGs    # Errors  Last Runtime    Last Run
---------------------------------------  -----  ---------  --------  ----------  --------------  -------------------
/opt/airflow/dags/fetch_stock_prices.py                           1           0  0.49s           2025-08-22T05:30:58
================================================================================
[2025-08-22T05:31:59.047+0000] {manager.py:878} INFO - 
================================================================================
DAG File Processing Stats

File Path                                  PID  Runtime      # DAGs    # Errors  Last Runtime    Last Run
---------------------------------------  -----  ---------  --------  ----------  --------------  -------------------
/opt/airflow/dags/fetch_stock_prices.py    178  0.01s             1           0  0.13s           2025-08-22T05:31:28
================================================================================
[2025-08-22T05:32:29.286+0000] {manager.py:878} INFO - 
================================================================================
DAG File Processing Stats

File Path                                  PID  Runtime      # DAGs    # Errors  Last Runtime    Last Run
---------------------------------------  -----  ---------  --------  ----------  --------------  -------------------
/opt/airflow/dags/fetch_stock_prices.py    183  0.00s             1           0  0.15s           2025-08-22T05:31:59
================================================================================
[2025-08-22T05:32:59.530+0000] {manager.py:878} INFO - 
================================================================================
DAG File Processing Stats

File Path                                  PID  Runtime      # DAGs    # Errors  Last Runtime    Last Run
---------------------------------------  -----  ---------  --------  ----------  --------------  -------------------
/opt/airflow/dags/fetch_stock_prices.py    188  0.00s             1           0  0.14s           2025-08-22T05:32:29
================================================================================
[2025-08-22T05:33:29.761+0000] {manager.py:878} INFO - 
================================================================================
DAG File Processing Stats

File Path                                  PID  Runtime      # DAGs    # Errors  Last Runtime    Last Run
---------------------------------------  -----  ---------  --------  ----------  --------------  -------------------
/opt/airflow/dags/fetch_stock_prices.py    193  0.00s             1           0  0.13s           2025-08-22T05:32:59
================================================================================
[2025-08-22T05:33:59.991+0000] {manager.py:878} INFO - 
================================================================================
DAG File Processing Stats

File Path                                  PID  Runtime      # DAGs    # Errors  Last Runtime    Last Run
---------------------------------------  -----  ---------  --------  ----------  --------------  -------------------
/opt/airflow/dags/fetch_stock_prices.py    198  0.00s             1           0  0.13s           2025-08-22T05:33:29
================================================================================
[2025-08-22T05:34:30.214+0000] {manager.py:878} INFO - 
================================================================================
DAG File Processing Stats

File Path                                  PID  Runtime      # DAGs    # Errors  Last Runtime    Last Run
---------------------------------------  -----  ---------  --------  ----------  --------------  -------------------
/opt/airflow/dags/fetch_stock_prices.py    203  0.00s             1           0  0.14s           2025-08-22T05:34:00
================================================================================
[2025-08-22T05:35:00.479+0000] {manager.py:878} INFO - 
================================================================================
DAG File Processing Stats

File Path                                  PID  Runtime      # DAGs    # Errors  Last Runtime    Last Run
---------------------------------------  -----  ---------  --------  ----------  --------------  -------------------
/opt/airflow/dags/fetch_stock_prices.py    208  0.00s             1           0  0.15s           2025-08-22T05:34:30
================================================================================
[2025-08-22T05:35:30.700+0000] {manager.py:878} INFO - 
================================================================================
DAG File Processing Stats

File Path                                  PID  Runtime      # DAGs    # Errors  Last Runtime    Last Run
---------------------------------------  -----  ---------  --------  ----------  --------------  -------------------
/opt/airflow/dags/fetch_stock_prices.py    213  0.00s             1           0  0.13s           2025-08-22T05:35:00
================================================================================
[2025-08-22T05:35:58.942+0000] {manager.py:737} INFO - Searching for files in /opt/airflow/dags
[2025-08-22T05:35:58.949+0000] {manager.py:740} INFO - There are 1 files in /opt/airflow/dags
[2025-08-22T05:36:00.982+0000] {manager.py:878} INFO - 
================================================================================
DAG File Processing Stats

File Path                                  PID  Runtime      # DAGs    # Errors  Last Runtime    Last Run
---------------------------------------  -----  ---------  --------  ----------  --------------  -------------------
/opt/airflow/dags/fetch_stock_prices.py    218  0.00s             1           0  0.14s           2025-08-22T05:35:30
================================================================================
[2025-08-22T05:36:31.231+0000] {manager.py:878} INFO - 
================================================================================
DAG File Processing Stats

File Path                                  PID  Runtime      # DAGs    # Errors  Last Runtime    Last Run
---------------------------------------  -----  ---------  --------  ----------  --------------  -------------------
/opt/airflow/dags/fetch_stock_prices.py    223  0.00s             1           0  0.13s           2025-08-22T05:36:01
================================================================================
[2025-08-22T05:37:01.437+0000] {manager.py:878} INFO - 
================================================================================
DAG File Processing Stats

File Path                                  PID  Runtime      # DAGs    # Errors  Last Runtime    Last Run
---------------------------------------  -----  ---------  --------  ----------  --------------  -------------------
/opt/airflow/dags/fetch_stock_prices.py    228  0.00s             1           0  0.13s           2025-08-22T05:36:31
================================================================================
[2025-08-22T05:37:31.709+0000] {manager.py:878} INFO - 
================================================================================
DAG File Processing Stats

File Path                                  PID  Runtime      # DAGs    # Errors  Last Runtime    Last Run
---------------------------------------  -----  ---------  --------  ----------  --------------  -------------------
/opt/airflow/dags/fetch_stock_prices.py    233  0.00s             1           0  0.13s           2025-08-22T05:37:01
================================================================================
[2025-08-22T05:38:01.911+0000] {manager.py:878} INFO - 
================================================================================
DAG File Processing Stats

File Path                                  PID  Runtime      # DAGs    # Errors  Last Runtime    Last Run
---------------------------------------  -----  ---------  --------  ----------  --------------  -------------------
/opt/airflow/dags/fetch_stock_prices.py    238  0.00s             1           0  0.13s           2025-08-22T05:37:31
================================================================================
[2025-08-22T05:38:32.184+0000] {manager.py:878} INFO - 
================================================================================
DAG File Processing Stats

File Path                                  PID  Runtime      # DAGs    # Errors  Last Runtime    Last Run
---------------------------------------  -----  ---------  --------  ----------  --------------  -------------------
/opt/airflow/dags/fetch_stock_prices.py    243  0.00s             1           0  0.13s           2025-08-22T05:38:02
================================================================================
[2025-08-22T05:39:02.386+0000] {manager.py:878} INFO - 
================================================================================
DAG File Processing Stats

File Path                                  PID  Runtime      # DAGs    # Errors  Last Runtime    Last Run
---------------------------------------  -----  ---------  --------  ----------  --------------  -------------------
/opt/airflow/dags/fetch_stock_prices.py    248  0.00s             1           0  0.12s           2025-08-22T05:38:32
================================================================================
[2025-08-22T05:39:32.748+0000] {manager.py:878} INFO - 
================================================================================
DAG File Processing Stats

File Path                                  PID  Runtime      # DAGs    # Errors  Last Runtime    Last Run
---------------------------------------  -----  ---------  --------  ----------  --------------  -------------------
/opt/airflow/dags/fetch_stock_prices.py    253  0.00s             1           0  0.13s           2025-08-22T05:39:02
================================================================================
[2025-08-22T05:40:02.953+0000] {manager.py:878} INFO - 
================================================================================
DAG File Processing Stats

File Path                                  PID  Runtime      # DAGs    # Errors  Last Runtime    Last Run
---------------------------------------  -----  ---------  --------  ----------  --------------  -------------------
/opt/airflow/dags/fetch_stock_prices.py    258  0.00s             1           0  0.13s           2025-08-22T05:39:32
================================================================================
[2025-08-22T05:40:33.206+0000] {manager.py:878} INFO - 
================================================================================
DAG File Processing Stats

File Path                                  PID  Runtime      # DAGs    # Errors  Last Runtime    Last Run
---------------------------------------  -----  ---------  --------  ----------  --------------  -------------------
/opt/airflow/dags/fetch_stock_prices.py    263  0.00s             1           0  0.15s           2025-08-22T05:40:03
================================================================================
[2025-08-22T05:40:59.454+0000] {manager.py:737} INFO - Searching for files in /opt/airflow/dags
[2025-08-22T05:40:59.461+0000] {manager.py:740} INFO - There are 1 files in /opt/airflow/dags
[2025-08-22T05:41:03.507+0000] {manager.py:878} INFO - 
================================================================================
DAG File Processing Stats

File Path                                  PID  Runtime      # DAGs    # Errors  Last Runtime    Last Run
---------------------------------------  -----  ---------  --------  ----------  --------------  -------------------
/opt/airflow/dags/fetch_stock_prices.py    268  0.00s             1           0  0.13s           2025-08-22T05:40:33
================================================================================
[2025-08-22T05:41:33.711+0000] {manager.py:878} INFO - 
================================================================================
DAG File Processing Stats

File Path                                  PID  Runtime      # DAGs    # Errors  Last Runtime    Last Run
---------------------------------------  -----  ---------  --------  ----------  --------------  -------------------
/opt/airflow/dags/fetch_stock_prices.py    273  0.00s             1           0  0.13s           2025-08-22T05:41:03
================================================================================
[2025-08-22T05:42:03.983+0000] {manager.py:878} INFO - 
================================================================================
DAG File Processing Stats

File Path                                  PID  Runtime      # DAGs    # Errors  Last Runtime    Last Run
---------------------------------------  -----  ---------  --------  ----------  --------------  -------------------
/opt/airflow/dags/fetch_stock_prices.py    278  0.00s             1           0  0.13s           2025-08-22T05:41:33
================================================================================
[2025-08-22T05:42:34.180+0000] {manager.py:878} INFO - 
================================================================================
DAG File Processing Stats

File Path                                  PID  Runtime      # DAGs    # Errors  Last Runtime    Last Run
---------------------------------------  -----  ---------  --------  ----------  --------------  -------------------
/opt/airflow/dags/fetch_stock_prices.py    283  0.00s             1           0  0.13s           2025-08-22T05:42:04
================================================================================
[2025-08-22T05:43:04.460+0000] {manager.py:878} INFO - 
================================================================================
DAG File Processing Stats

File Path                                  PID  Runtime      # DAGs    # Errors  Last Runtime    Last Run
---------------------------------------  -----  ---------  --------  ----------  --------------  -------------------
/opt/airflow/dags/fetch_stock_prices.py    288  0.00s             1           0  0.12s           2025-08-22T05:42:34
================================================================================
[2025-08-22T05:43:14.016+0000] {manager.py:452} INFO - Exiting gracefully upon receiving signal 15
[2025-08-22T06:06:33.492+0000] {manager.py:470} INFO - Processing files using up to 2 processes at a time 
[2025-08-22T06:06:33.494+0000] {manager.py:471} INFO - Process each file at most once every 30 seconds
[2025-08-22T06:06:33.495+0000] {manager.py:472} INFO - Checking for new files in /opt/airflow/dags every 300 seconds
[2025-08-22T06:06:33.496+0000] {manager.py:737} INFO - Searching for files in /opt/airflow/dags
[2025-08-22T06:06:33.501+0000] {manager.py:740} INFO - There are 1 files in /opt/airflow/dags
[2025-08-22T06:06:33.639+0000] {manager.py:878} INFO - 
================================================================================
DAG File Processing Stats

File Path                                  PID  Runtime      # DAGs    # Errors  Last Runtime    Last Run
---------------------------------------  -----  ---------  --------  ----------  --------------  ----------
/opt/airflow/dags/fetch_stock_prices.py    169  0.04s             0           0
================================================================================
[2025-08-22T06:07:03.810+0000] {manager.py:878} INFO - 
================================================================================
DAG File Processing Stats

File Path                                  PID  Runtime      # DAGs    # Errors  Last Runtime    Last Run
---------------------------------------  -----  ---------  --------  ----------  --------------  -------------------
/opt/airflow/dags/fetch_stock_prices.py    174  0.00s             1           0  0.14s           2025-08-22T06:06:33
================================================================================
[2025-08-22T06:07:34.082+0000] {manager.py:878} INFO - 
================================================================================
DAG File Processing Stats

File Path                                PID    Runtime      # DAGs    # Errors  Last Runtime    Last Run
---------------------------------------  -----  ---------  --------  ----------  --------------  -------------------
/opt/airflow/dags/fetch_stock_prices.py                           1           0  0.43s           2025-08-22T06:07:04
================================================================================
[2025-08-22T06:08:04.617+0000] {manager.py:878} INFO - 
================================================================================
DAG File Processing Stats

File Path                                PID    Runtime      # DAGs    # Errors  Last Runtime    Last Run
---------------------------------------  -----  ---------  --------  ----------  --------------  -------------------
/opt/airflow/dags/fetch_stock_prices.py                           1           0  0.19s           2025-08-22T06:07:34
================================================================================
[2025-08-22T06:08:34.993+0000] {manager.py:878} INFO - 
================================================================================
DAG File Processing Stats

File Path                                PID    Runtime      # DAGs    # Errors  Last Runtime    Last Run
---------------------------------------  -----  ---------  --------  ----------  --------------  -------------------
/opt/airflow/dags/fetch_stock_prices.py                           1           0  0.25s           2025-08-22T06:08:05
================================================================================
[2025-08-22T06:09:05.435+0000] {manager.py:878} INFO - 
================================================================================
DAG File Processing Stats

File Path                                  PID  Runtime      # DAGs    # Errors  Last Runtime    Last Run
---------------------------------------  -----  ---------  --------  ----------  --------------  -------------------
/opt/airflow/dags/fetch_stock_prices.py    206  0.00s             1           0  0.15s           2025-08-22T06:08:35
================================================================================
[2025-08-22T06:09:35.723+0000] {manager.py:878} INFO - 
================================================================================
DAG File Processing Stats

File Path                                  PID  Runtime      # DAGs    # Errors  Last Runtime    Last Run
---------------------------------------  -----  ---------  --------  ----------  --------------  -------------------
/opt/airflow/dags/fetch_stock_prices.py    211  0.00s             1           0  0.17s           2025-08-22T06:09:05
================================================================================
[2025-08-22T06:10:06.048+0000] {manager.py:878} INFO - 
================================================================================
DAG File Processing Stats

File Path                                  PID  Runtime      # DAGs    # Errors  Last Runtime    Last Run
---------------------------------------  -----  ---------  --------  ----------  --------------  -------------------
/opt/airflow/dags/fetch_stock_prices.py    216  0.01s             1           0  0.14s           2025-08-22T06:09:35
================================================================================
[2025-08-22T06:10:36.240+0000] {manager.py:878} INFO - 
================================================================================
DAG File Processing Stats

File Path                                PID    Runtime      # DAGs    # Errors  Last Runtime    Last Run
---------------------------------------  -----  ---------  --------  ----------  --------------  -------------------
/opt/airflow/dags/fetch_stock_prices.py                           1           0  0.31s           2025-08-22T06:10:06
================================================================================
[2025-08-22T06:11:06.694+0000] {manager.py:878} INFO - 
================================================================================
DAG File Processing Stats

File Path                                  PID  Runtime      # DAGs    # Errors  Last Runtime    Last Run
---------------------------------------  -----  ---------  --------  ----------  --------------  -------------------
/opt/airflow/dags/fetch_stock_prices.py    226  0.00s             1           0  0.13s           2025-08-22T06:10:36
================================================================================
[2025-08-22T06:11:33.850+0000] {manager.py:737} INFO - Searching for files in /opt/airflow/dags
[2025-08-22T06:11:33.858+0000] {manager.py:740} INFO - There are 1 files in /opt/airflow/dags
[2025-08-22T06:11:36.897+0000] {manager.py:878} INFO - 
================================================================================
DAG File Processing Stats

File Path                                  PID  Runtime      # DAGs    # Errors  Last Runtime    Last Run
---------------------------------------  -----  ---------  --------  ----------  --------------  -------------------
/opt/airflow/dags/fetch_stock_prices.py    231  0.00s             1           0  0.13s           2025-08-22T06:11:06
================================================================================
[2025-08-22T06:12:07.156+0000] {manager.py:878} INFO - 
================================================================================
DAG File Processing Stats

File Path                                  PID  Runtime      # DAGs    # Errors  Last Runtime    Last Run
---------------------------------------  -----  ---------  --------  ----------  --------------  -------------------
/opt/airflow/dags/fetch_stock_prices.py    236  0.00s             1           0  0.14s           2025-08-22T06:11:37
================================================================================
[2025-08-22T06:12:37.385+0000] {manager.py:878} INFO - 
================================================================================
DAG File Processing Stats

File Path                                  PID  Runtime      # DAGs    # Errors  Last Runtime    Last Run
---------------------------------------  -----  ---------  --------  ----------  --------------  -------------------
/opt/airflow/dags/fetch_stock_prices.py    241  0.00s             1           0  0.14s           2025-08-22T06:12:07
================================================================================
[2025-08-22T06:13:07.637+0000] {manager.py:878} INFO - 
================================================================================
DAG File Processing Stats

File Path                                  PID  Runtime      # DAGs    # Errors  Last Runtime    Last Run
---------------------------------------  -----  ---------  --------  ----------  --------------  -------------------
/opt/airflow/dags/fetch_stock_prices.py    246  0.00s             1           0  0.13s           2025-08-22T06:12:37
================================================================================
[2025-08-22T06:13:37.828+0000] {manager.py:878} INFO - 
================================================================================
DAG File Processing Stats

File Path                                  PID  Runtime      # DAGs    # Errors  Last Runtime    Last Run
---------------------------------------  -----  ---------  --------  ----------  --------------  -------------------
/opt/airflow/dags/fetch_stock_prices.py    251  0.00s             1           0  0.16s           2025-08-22T06:13:07
================================================================================
[2025-08-22T06:14:08.133+0000] {manager.py:878} INFO - 
================================================================================
DAG File Processing Stats

File Path                                  PID  Runtime      # DAGs    # Errors  Last Runtime    Last Run
---------------------------------------  -----  ---------  --------  ----------  --------------  -------------------
/opt/airflow/dags/fetch_stock_prices.py    256  0.00s             1           0  0.14s           2025-08-22T06:13:37
================================================================================
[2025-08-22T06:14:38.330+0000] {manager.py:878} INFO - 
================================================================================
DAG File Processing Stats

File Path                                  PID  Runtime      # DAGs    # Errors  Last Runtime    Last Run
---------------------------------------  -----  ---------  --------  ----------  --------------  -------------------
/opt/airflow/dags/fetch_stock_prices.py    261  0.00s             1           0  0.13s           2025-08-22T06:14:08
================================================================================
[2025-08-22T06:15:08.651+0000] {manager.py:878} INFO - 
================================================================================
DAG File Processing Stats

File Path                                  PID  Runtime      # DAGs    # Errors  Last Runtime    Last Run
---------------------------------------  -----  ---------  --------  ----------  --------------  -------------------
/opt/airflow/dags/fetch_stock_prices.py    266  0.00s             1           0  0.14s           2025-08-22T06:14:38
================================================================================
[2025-08-22T06:15:38.851+0000] {manager.py:878} INFO - 
================================================================================
DAG File Processing Stats

File Path                                  PID  Runtime      # DAGs    # Errors  Last Runtime    Last Run
---------------------------------------  -----  ---------  --------  ----------  --------------  -------------------
/opt/airflow/dags/fetch_stock_prices.py    271  0.00s             1           0  0.17s           2025-08-22T06:15:08
================================================================================
[2025-08-22T06:16:09.155+0000] {manager.py:878} INFO - 
================================================================================
DAG File Processing Stats

File Path                                PID    Runtime      # DAGs    # Errors  Last Runtime    Last Run
---------------------------------------  -----  ---------  --------  ----------  --------------  -------------------
/opt/airflow/dags/fetch_stock_prices.py                           1           0  0.24s           2025-08-22T06:15:53
================================================================================
[2025-08-22T06:16:34.385+0000] {manager.py:737} INFO - Searching for files in /opt/airflow/dags
[2025-08-22T06:16:34.393+0000] {manager.py:740} INFO - There are 1 files in /opt/airflow/dags
[2025-08-22T06:16:39.440+0000] {manager.py:878} INFO - 
================================================================================
DAG File Processing Stats

File Path                                PID    Runtime      # DAGs    # Errors  Last Runtime    Last Run
---------------------------------------  -----  ---------  --------  ----------  --------------  -------------------
/opt/airflow/dags/fetch_stock_prices.py                           1           0  0.28s           2025-08-22T06:16:23
================================================================================
[2025-08-22T06:17:09.808+0000] {manager.py:878} INFO - 
================================================================================
DAG File Processing Stats

File Path                                PID    Runtime      # DAGs    # Errors  Last Runtime    Last Run
---------------------------------------  -----  ---------  --------  ----------  --------------  -------------------
/opt/airflow/dags/fetch_stock_prices.py                           1           0  0.17s           2025-08-22T06:16:53
================================================================================
[2025-08-22T06:17:40.006+0000] {manager.py:878} INFO - 
================================================================================
DAG File Processing Stats

File Path                                PID    Runtime      # DAGs    # Errors  Last Runtime    Last Run
---------------------------------------  -----  ---------  --------  ----------  --------------  -------------------
/opt/airflow/dags/fetch_stock_prices.py                           1           0  0.14s           2025-08-22T06:17:24
================================================================================
[2025-08-22T06:18:10.281+0000] {manager.py:878} INFO - 
================================================================================
DAG File Processing Stats

File Path                                PID    Runtime      # DAGs    # Errors  Last Runtime    Last Run
---------------------------------------  -----  ---------  --------  ----------  --------------  -------------------
/opt/airflow/dags/fetch_stock_prices.py                           1           0  0.14s           2025-08-22T06:17:54
================================================================================
[2025-08-22T06:18:40.555+0000] {manager.py:878} INFO - 
================================================================================
DAG File Processing Stats

File Path                                PID    Runtime      # DAGs    # Errors  Last Runtime    Last Run
---------------------------------------  -----  ---------  --------  ----------  --------------  -------------------
/opt/airflow/dags/fetch_stock_prices.py                           1           0  0.15s           2025-08-22T06:18:24
================================================================================
[2025-08-22T06:19:10.771+0000] {manager.py:878} INFO - 
================================================================================
DAG File Processing Stats

File Path                                PID    Runtime      # DAGs    # Errors  Last Runtime    Last Run
---------------------------------------  -----  ---------  --------  ----------  --------------  -------------------
/opt/airflow/dags/fetch_stock_prices.py                           1           0  0.14s           2025-08-22T06:18:54
================================================================================
[2025-08-22T06:19:41.003+0000] {manager.py:878} INFO - 
================================================================================
DAG File Processing Stats

File Path                                PID    Runtime      # DAGs    # Errors  Last Runtime    Last Run
---------------------------------------  -----  ---------  --------  ----------  --------------  -------------------
/opt/airflow/dags/fetch_stock_prices.py                           1           0  0.15s           2025-08-22T06:19:24
================================================================================
[2025-08-22T06:20:11.243+0000] {manager.py:878} INFO - 
================================================================================
DAG File Processing Stats

File Path                                PID    Runtime      # DAGs    # Errors  Last Runtime    Last Run
---------------------------------------  -----  ---------  --------  ----------  --------------  -------------------
/opt/airflow/dags/fetch_stock_prices.py                           1           0  0.14s           2025-08-22T06:19:54
================================================================================
[2025-08-22T06:20:41.498+0000] {manager.py:878} INFO - 
================================================================================
DAG File Processing Stats

File Path                                PID    Runtime      # DAGs    # Errors  Last Runtime    Last Run
---------------------------------------  -----  ---------  --------  ----------  --------------  -------------------
/opt/airflow/dags/fetch_stock_prices.py                           1           0  0.15s           2025-08-22T06:20:24
================================================================================
[2025-08-22T06:21:11.744+0000] {manager.py:878} INFO - 
================================================================================
DAG File Processing Stats

File Path                                PID    Runtime      # DAGs    # Errors  Last Runtime    Last Run
---------------------------------------  -----  ---------  --------  ----------  --------------  -------------------
/opt/airflow/dags/fetch_stock_prices.py                           1           0  0.17s           2025-08-22T06:20:54
================================================================================
[2025-08-22T06:21:34.999+0000] {manager.py:737} INFO - Searching for files in /opt/airflow/dags
[2025-08-22T06:21:35.007+0000] {manager.py:740} INFO - There are 1 files in /opt/airflow/dags
[2025-08-22T06:21:42.094+0000] {manager.py:878} INFO - 
================================================================================
DAG File Processing Stats

File Path                                PID    Runtime      # DAGs    # Errors  Last Runtime    Last Run
---------------------------------------  -----  ---------  --------  ----------  --------------  -------------------
/opt/airflow/dags/fetch_stock_prices.py                           1           0  0.18s           2025-08-22T06:21:24
================================================================================
[2025-08-22T06:22:12.261+0000] {manager.py:878} INFO - 
================================================================================
DAG File Processing Stats

File Path                                PID    Runtime      # DAGs    # Errors  Last Runtime    Last Run
---------------------------------------  -----  ---------  --------  ----------  --------------  -------------------
/opt/airflow/dags/fetch_stock_prices.py                           1           0  0.16s           2025-08-22T06:21:55
================================================================================
[2025-08-22T06:22:42.566+0000] {manager.py:878} INFO - 
================================================================================
DAG File Processing Stats

File Path                                PID    Runtime      # DAGs    # Errors  Last Runtime    Last Run
---------------------------------------  -----  ---------  --------  ----------  --------------  -------------------
/opt/airflow/dags/fetch_stock_prices.py                           1           0  0.17s           2025-08-22T06:22:25
================================================================================
[2025-08-22T06:23:12.766+0000] {manager.py:878} INFO - 
================================================================================
DAG File Processing Stats

File Path                                PID    Runtime      # DAGs    # Errors  Last Runtime    Last Run
---------------------------------------  -----  ---------  --------  ----------  --------------  -------------------
/opt/airflow/dags/fetch_stock_prices.py                           1           0  0.16s           2025-08-22T06:22:55
================================================================================
[2025-08-22T06:23:42.966+0000] {manager.py:878} INFO - 
================================================================================
DAG File Processing Stats

File Path                                PID    Runtime      # DAGs    # Errors  Last Runtime    Last Run
---------------------------------------  -----  ---------  --------  ----------  --------------  -------------------
/opt/airflow/dags/fetch_stock_prices.py                           1           0  0.14s           2025-08-22T06:23:25
================================================================================
[2025-08-22T06:24:13.264+0000] {manager.py:878} INFO - 
================================================================================
DAG File Processing Stats

File Path                                PID    Runtime      # DAGs    # Errors  Last Runtime    Last Run
---------------------------------------  -----  ---------  --------  ----------  --------------  -------------------
/opt/airflow/dags/fetch_stock_prices.py                           1           0  0.14s           2025-08-22T06:23:56
================================================================================
[2025-08-22T06:24:43.476+0000] {manager.py:878} INFO - 
================================================================================
DAG File Processing Stats

File Path                                PID    Runtime      # DAGs    # Errors  Last Runtime    Last Run
---------------------------------------  -----  ---------  --------  ----------  --------------  -------------------
/opt/airflow/dags/fetch_stock_prices.py                           1           0  0.17s           2025-08-22T06:24:26
================================================================================
[2025-08-22T06:24:56.810+0000] {manager.py:452} INFO - Exiting gracefully upon receiving signal 15
[2025-08-22T06:27:07.793+0000] {manager.py:470} INFO - Processing files using up to 2 processes at a time 
[2025-08-22T06:27:07.794+0000] {manager.py:471} INFO - Process each file at most once every 30 seconds
[2025-08-22T06:27:07.795+0000] {manager.py:472} INFO - Checking for new files in /opt/airflow/dags every 300 seconds
[2025-08-22T06:27:07.795+0000] {manager.py:737} INFO - Searching for files in /opt/airflow/dags
[2025-08-22T06:27:07.799+0000] {manager.py:740} INFO - There are 1 files in /opt/airflow/dags
[2025-08-22T06:27:07.904+0000] {manager.py:878} INFO - 
================================================================================
DAG File Processing Stats

File Path                                  PID  Runtime      # DAGs    # Errors  Last Runtime    Last Run
---------------------------------------  -----  ---------  --------  ----------  --------------  ----------
/opt/airflow/dags/fetch_stock_prices.py    168  0.03s             0           0
================================================================================
[2025-08-22T06:27:38.047+0000] {manager.py:878} INFO - 
================================================================================
DAG File Processing Stats

File Path                                PID    Runtime      # DAGs    # Errors  Last Runtime    Last Run
---------------------------------------  -----  ---------  --------  ----------  --------------  -------------------
/opt/airflow/dags/fetch_stock_prices.py                           1           0  0.32s           2025-08-22T06:27:08
================================================================================
[2025-08-22T06:28:08.527+0000] {manager.py:878} INFO - 
================================================================================
DAG File Processing Stats

File Path                                PID    Runtime      # DAGs    # Errors  Last Runtime    Last Run
---------------------------------------  -----  ---------  --------  ----------  --------------  -------------------
/opt/airflow/dags/fetch_stock_prices.py                           1           0  0.23s           2025-08-22T06:27:38
================================================================================
[2025-08-22T06:28:38.959+0000] {manager.py:878} INFO - 
================================================================================
DAG File Processing Stats

File Path                                  PID  Runtime      # DAGs    # Errors  Last Runtime    Last Run
---------------------------------------  -----  ---------  --------  ----------  --------------  -------------------
/opt/airflow/dags/fetch_stock_prices.py    191  0.00s             1           0  0.15s           2025-08-22T06:28:08
================================================================================
[2025-08-22T06:29:09.230+0000] {manager.py:878} INFO - 
================================================================================
DAG File Processing Stats

File Path                                  PID  Runtime      # DAGs    # Errors  Last Runtime    Last Run
---------------------------------------  -----  ---------  --------  ----------  --------------  -------------------
/opt/airflow/dags/fetch_stock_prices.py    196  0.00s             1           0  0.14s           2025-08-22T06:28:39
================================================================================
[2025-08-22T06:29:39.441+0000] {manager.py:878} INFO - 
================================================================================
DAG File Processing Stats

File Path                                  PID  Runtime      # DAGs    # Errors  Last Runtime    Last Run
---------------------------------------  -----  ---------  --------  ----------  --------------  -------------------
/opt/airflow/dags/fetch_stock_prices.py    201  0.00s             1           0  0.15s           2025-08-22T06:29:09
================================================================================
[2025-08-22T06:30:09.796+0000] {manager.py:878} INFO - 
================================================================================
DAG File Processing Stats

File Path                                  PID  Runtime      # DAGs    # Errors  Last Runtime    Last Run
---------------------------------------  -----  ---------  --------  ----------  --------------  -------------------
/opt/airflow/dags/fetch_stock_prices.py    206  0.00s             1           0  0.15s           2025-08-22T06:29:39
================================================================================
[2025-08-22T06:30:40.016+0000] {manager.py:878} INFO - 
================================================================================
DAG File Processing Stats

File Path                                  PID  Runtime      # DAGs    # Errors  Last Runtime    Last Run
---------------------------------------  -----  ---------  --------  ----------  --------------  -------------------
/opt/airflow/dags/fetch_stock_prices.py    211  0.00s             1           0  0.17s           2025-08-22T06:30:09
================================================================================
[2025-08-22T06:31:10.309+0000] {manager.py:878} INFO - 
================================================================================
DAG File Processing Stats

File Path                                  PID  Runtime      # DAGs    # Errors  Last Runtime    Last Run
---------------------------------------  -----  ---------  --------  ----------  --------------  -------------------
/opt/airflow/dags/fetch_stock_prices.py    216  0.00s             1           0  0.15s           2025-08-22T06:30:40
================================================================================
[2025-08-22T06:31:40.512+0000] {manager.py:878} INFO - 
================================================================================
DAG File Processing Stats

File Path                                  PID  Runtime      # DAGs    # Errors  Last Runtime    Last Run
---------------------------------------  -----  ---------  --------  ----------  --------------  -------------------
/opt/airflow/dags/fetch_stock_prices.py    221  0.00s             1           0  0.14s           2025-08-22T06:31:10
================================================================================
[2025-08-22T06:32:07.840+0000] {manager.py:737} INFO - Searching for files in /opt/airflow/dags
[2025-08-22T06:32:07.847+0000] {manager.py:740} INFO - There are 1 files in /opt/airflow/dags
[2025-08-22T06:32:10.887+0000] {manager.py:878} INFO - 
================================================================================
DAG File Processing Stats

File Path                                  PID  Runtime      # DAGs    # Errors  Last Runtime    Last Run
---------------------------------------  -----  ---------  --------  ----------  --------------  -------------------
/opt/airflow/dags/fetch_stock_prices.py    226  0.00s             1           0  0.15s           2025-08-22T06:31:40
================================================================================
[2025-08-22T06:32:41.072+0000] {manager.py:878} INFO - 
================================================================================
DAG File Processing Stats

File Path                                  PID  Runtime      # DAGs    # Errors  Last Runtime    Last Run
---------------------------------------  -----  ---------  --------  ----------  --------------  -------------------
/opt/airflow/dags/fetch_stock_prices.py    231  0.00s             1           0  0.16s           2025-08-22T06:32:11
================================================================================
[2025-08-22T06:33:11.402+0000] {manager.py:878} INFO - 
================================================================================
DAG File Processing Stats

File Path                                  PID  Runtime      # DAGs    # Errors  Last Runtime    Last Run
---------------------------------------  -----  ---------  --------  ----------  --------------  -------------------
/opt/airflow/dags/fetch_stock_prices.py    244  0.00s             1           0  0.14s           2025-08-22T06:32:41
================================================================================
[2025-08-22T06:33:41.618+0000] {manager.py:878} INFO - 
================================================================================
DAG File Processing Stats

File Path                                  PID  Runtime      # DAGs    # Errors  Last Runtime    Last Run
---------------------------------------  -----  ---------  --------  ----------  --------------  -------------------
/opt/airflow/dags/fetch_stock_prices.py    249  0.00s             1           0  0.14s           2025-08-22T06:33:11
================================================================================
[2025-08-22T06:34:11.942+0000] {manager.py:878} INFO - 
================================================================================
DAG File Processing Stats

File Path                                  PID  Runtime      # DAGs    # Errors  Last Runtime    Last Run
---------------------------------------  -----  ---------  --------  ----------  --------------  -------------------
/opt/airflow/dags/fetch_stock_prices.py    254  0.00s             1           0  0.16s           2025-08-22T06:33:41
================================================================================
[2025-08-22T06:34:42.138+0000] {manager.py:878} INFO - 
================================================================================
DAG File Processing Stats

File Path                                  PID  Runtime      # DAGs    # Errors  Last Runtime    Last Run
---------------------------------------  -----  ---------  --------  ----------  --------------  -------------------
/opt/airflow/dags/fetch_stock_prices.py    259  0.00s             1           0  0.17s           2025-08-22T06:34:12
================================================================================
[2025-08-22T06:35:12.517+0000] {manager.py:878} INFO - 
================================================================================
DAG File Processing Stats

File Path                                  PID  Runtime      # DAGs    # Errors  Last Runtime    Last Run
---------------------------------------  -----  ---------  --------  ----------  --------------  -------------------
/opt/airflow/dags/fetch_stock_prices.py    264  0.00s             1           0  0.18s           2025-08-22T06:34:42
================================================================================
[2025-08-22T06:35:42.712+0000] {manager.py:878} INFO - 
================================================================================
DAG File Processing Stats

File Path                                  PID  Runtime      # DAGs    # Errors  Last Runtime    Last Run
---------------------------------------  -----  ---------  --------  ----------  --------------  -------------------
/opt/airflow/dags/fetch_stock_prices.py    269  0.00s             1           0  0.17s           2025-08-22T06:35:12
================================================================================
[2025-08-22T06:36:13.061+0000] {manager.py:878} INFO - 
================================================================================
DAG File Processing Stats

File Path                                  PID  Runtime      # DAGs    # Errors  Last Runtime    Last Run
---------------------------------------  -----  ---------  --------  ----------  --------------  -------------------
/opt/airflow/dags/fetch_stock_prices.py    274  0.00s             1           0  0.15s           2025-08-22T06:35:42
================================================================================
[2025-08-22T06:36:43.260+0000] {manager.py:878} INFO - 
================================================================================
DAG File Processing Stats

File Path                                  PID  Runtime      # DAGs    # Errors  Last Runtime    Last Run
---------------------------------------  -----  ---------  --------  ----------  --------------  -------------------
/opt/airflow/dags/fetch_stock_prices.py    279  0.00s             1           0  0.18s           2025-08-22T06:36:13
================================================================================
[2025-08-22T06:37:08.522+0000] {manager.py:737} INFO - Searching for files in /opt/airflow/dags
[2025-08-22T06:37:08.531+0000] {manager.py:740} INFO - There are 1 files in /opt/airflow/dags
[2025-08-22T06:37:13.579+0000] {manager.py:878} INFO - 
================================================================================
DAG File Processing Stats

File Path                                  PID  Runtime      # DAGs    # Errors  Last Runtime    Last Run
---------------------------------------  -----  ---------  --------  ----------  --------------  -------------------
/opt/airflow/dags/fetch_stock_prices.py    284  0.00s             1           0  0.14s           2025-08-22T06:36:43
================================================================================
[2025-08-22T06:37:43.766+0000] {manager.py:878} INFO - 
================================================================================
DAG File Processing Stats

File Path                                  PID  Runtime      # DAGs    # Errors  Last Runtime    Last Run
---------------------------------------  -----  ---------  --------  ----------  --------------  -------------------
/opt/airflow/dags/fetch_stock_prices.py    289  0.00s             1           0  0.15s           2025-08-22T06:37:13
================================================================================
[2025-08-22T06:38:14.154+0000] {manager.py:878} INFO - 
================================================================================
DAG File Processing Stats

File Path                                  PID  Runtime      # DAGs    # Errors  Last Runtime    Last Run
---------------------------------------  -----  ---------  --------  ----------  --------------  -------------------
/opt/airflow/dags/fetch_stock_prices.py    302  0.00s             1           0  0.14s           2025-08-22T06:37:43
================================================================================
[2025-08-22T06:38:44.351+0000] {manager.py:878} INFO - 
================================================================================
DAG File Processing Stats

File Path                                  PID  Runtime      # DAGs    # Errors  Last Runtime    Last Run
---------------------------------------  -----  ---------  --------  ----------  --------------  -------------------
/opt/airflow/dags/fetch_stock_prices.py    307  0.00s             1           0  0.14s           2025-08-22T06:38:14
================================================================================
[2025-08-22T06:39:14.680+0000] {manager.py:878} INFO - 
================================================================================
DAG File Processing Stats

File Path                                  PID  Runtime      # DAGs    # Errors  Last Runtime    Last Run
---------------------------------------  -----  ---------  --------  ----------  --------------  -------------------
/opt/airflow/dags/fetch_stock_prices.py    312  0.00s             1           0  0.15s           2025-08-22T06:38:44
================================================================================
[2025-08-22T06:39:44.884+0000] {manager.py:878} INFO - 
================================================================================
DAG File Processing Stats

File Path                                PID    Runtime      # DAGs    # Errors  Last Runtime    Last Run
---------------------------------------  -----  ---------  --------  ----------  --------------  -------------------
/opt/airflow/dags/fetch_stock_prices.py                           0           1  0.07s           2025-08-22T06:39:32
================================================================================
[2025-08-22T06:40:15.121+0000] {manager.py:878} INFO - 
================================================================================
DAG File Processing Stats

File Path                                PID    Runtime      # DAGs    # Errors  Last Runtime    Last Run
---------------------------------------  -----  ---------  --------  ----------  --------------  -------------------
/opt/airflow/dags/fetch_stock_prices.py                           0           1  0.17s           2025-08-22T06:40:03
================================================================================
[2025-08-22T06:40:45.304+0000] {manager.py:878} INFO - 
================================================================================
DAG File Processing Stats

File Path                                PID    Runtime      # DAGs    # Errors  Last Runtime    Last Run
---------------------------------------  -----  ---------  --------  ----------  --------------  -------------------
/opt/airflow/dags/fetch_stock_prices.py                           0           1  0.07s           2025-08-22T06:40:33
================================================================================
[2025-08-22T06:41:15.563+0000] {manager.py:878} INFO - 
================================================================================
DAG File Processing Stats

File Path                                PID    Runtime      # DAGs    # Errors  Last Runtime    Last Run
---------------------------------------  -----  ---------  --------  ----------  --------------  -------------------
/opt/airflow/dags/fetch_stock_prices.py                           0           1  0.07s           2025-08-22T06:41:03
================================================================================
[2025-08-22T06:41:19.040+0000] {manager.py:452} INFO - Exiting gracefully upon receiving signal 15
[2025-08-22T06:41:56.238+0000] {manager.py:470} INFO - Processing files using up to 2 processes at a time 
[2025-08-22T06:41:56.244+0000] {manager.py:471} INFO - Process each file at most once every 30 seconds
[2025-08-22T06:41:56.246+0000] {manager.py:472} INFO - Checking for new files in /opt/airflow/dags every 300 seconds
[2025-08-22T06:41:56.247+0000] {manager.py:737} INFO - Searching for files in /opt/airflow/dags
[2025-08-22T06:41:56.258+0000] {manager.py:740} INFO - There are 1 files in /opt/airflow/dags
[2025-08-22T06:41:56.409+0000] {manager.py:878} INFO - 
================================================================================
DAG File Processing Stats

File Path                                  PID  Runtime      # DAGs    # Errors  Last Runtime    Last Run
---------------------------------------  -----  ---------  --------  ----------  --------------  ----------
/opt/airflow/dags/fetch_stock_prices.py    168  0.06s             0           0
================================================================================
[2025-08-22T06:42:26.601+0000] {manager.py:878} INFO - 
================================================================================
DAG File Processing Stats

File Path                                  PID  Runtime      # DAGs    # Errors  Last Runtime    Last Run
---------------------------------------  -----  ---------  --------  ----------  --------------  -------------------
/opt/airflow/dags/fetch_stock_prices.py    173  0.00s             0           1  0.09s           2025-08-22T06:41:56
================================================================================
[2025-08-22T06:42:56.792+0000] {manager.py:878} INFO - 
================================================================================
DAG File Processing Stats

File Path                                  PID  Runtime      # DAGs    # Errors  Last Runtime    Last Run
---------------------------------------  -----  ---------  --------  ----------  --------------  -------------------
/opt/airflow/dags/fetch_stock_prices.py    178  0.00s             0           1  0.06s           2025-08-22T06:42:26
================================================================================
[2025-08-22T06:43:26.971+0000] {manager.py:878} INFO - 
================================================================================
DAG File Processing Stats

File Path                                  PID  Runtime      # DAGs    # Errors  Last Runtime    Last Run
---------------------------------------  -----  ---------  --------  ----------  --------------  -------------------
/opt/airflow/dags/fetch_stock_prices.py    183  0.00s             0           1  0.07s           2025-08-22T06:42:56
================================================================================
[2025-08-22T06:43:57.193+0000] {manager.py:878} INFO - 
================================================================================
DAG File Processing Stats

File Path                                  PID  Runtime      # DAGs    # Errors  Last Runtime    Last Run
---------------------------------------  -----  ---------  --------  ----------  --------------  -------------------
/opt/airflow/dags/fetch_stock_prices.py    188  0.00s             0           1  0.07s           2025-08-22T06:43:27
================================================================================
[2025-08-22T06:44:27.386+0000] {manager.py:878} INFO - 
================================================================================
DAG File Processing Stats

File Path                                  PID  Runtime      # DAGs    # Errors  Last Runtime    Last Run
---------------------------------------  -----  ---------  --------  ----------  --------------  -------------------
/opt/airflow/dags/fetch_stock_prices.py    193  0.00s             0           1  0.07s           2025-08-22T06:43:57
================================================================================
[2025-08-22T06:44:57.619+0000] {manager.py:878} INFO - 
================================================================================
DAG File Processing Stats

File Path                                PID    Runtime      # DAGs    # Errors  Last Runtime    Last Run
---------------------------------------  -----  ---------  --------  ----------  --------------  -------------------
/opt/airflow/dags/fetch_stock_prices.py                           0           1  0.07s           2025-08-22T06:44:55
================================================================================
[2025-08-22T06:45:16.183+0000] {manager.py:452} INFO - Exiting gracefully upon receiving signal 15
[2025-08-22T06:46:00.648+0000] {manager.py:470} INFO - Processing files using up to 2 processes at a time 
[2025-08-22T06:46:00.650+0000] {manager.py:471} INFO - Process each file at most once every 30 seconds
[2025-08-22T06:46:00.651+0000] {manager.py:472} INFO - Checking for new files in /opt/airflow/dags every 300 seconds
[2025-08-22T06:46:00.652+0000] {manager.py:737} INFO - Searching for files in /opt/airflow/dags
[2025-08-22T06:46:00.663+0000] {manager.py:740} INFO - There are 1 files in /opt/airflow/dags
[2025-08-22T06:46:00.821+0000] {manager.py:878} INFO - 
================================================================================
DAG File Processing Stats

File Path                                  PID  Runtime      # DAGs    # Errors  Last Runtime    Last Run
---------------------------------------  -----  ---------  --------  ----------  --------------  ----------
/opt/airflow/dags/fetch_stock_prices.py    168  0.04s             0           0
================================================================================
[2025-08-22T06:46:30.965+0000] {manager.py:878} INFO - 
================================================================================
DAG File Processing Stats

File Path                                PID    Runtime      # DAGs    # Errors  Last Runtime    Last Run
---------------------------------------  -----  ---------  --------  ----------  --------------  -------------------
/opt/airflow/dags/fetch_stock_prices.py                           1           0  0.38s           2025-08-22T06:46:01
================================================================================
[2025-08-22T06:47:01.486+0000] {manager.py:878} INFO - 
================================================================================
DAG File Processing Stats

File Path                                  PID  Runtime      # DAGs    # Errors  Last Runtime    Last Run
---------------------------------------  -----  ---------  --------  ----------  --------------  -------------------
/opt/airflow/dags/fetch_stock_prices.py    178  0.00s             1           0  0.16s           2025-08-22T06:46:31
================================================================================
[2025-08-22T06:47:25.358+0000] {manager.py:452} INFO - Exiting gracefully upon receiving signal 15
