[2025-08-21T18:14:21.849+0000] {processor.py:161} INFO - Started process (PID=169) to work on /opt/airflow/dags/fetch_stock_prices.py
[2025-08-21T18:14:21.852+0000] {processor.py:830} INFO - Processing file /opt/airflow/dags/fetch_stock_prices.py for tasks to queue
[2025-08-21T18:14:21.856+0000] {logging_mixin.py:188} INFO - [2025-08-21T18:14:21.856+0000] {dagbag.py:545} INFO - Filling up the DagBag from /opt/airflow/dags/fetch_stock_prices.py
[2025-08-21T18:14:21.889+0000] {processor.py:840} INFO - DAG(s) 'stock_prices_pipeline' retrieved from /opt/airflow/dags/fetch_stock_prices.py
[2025-08-21T18:14:21.939+0000] {logging_mixin.py:188} INFO - [2025-08-21T18:14:21.939+0000] {dag.py:3096} INFO - Sync 1 DAGs
[2025-08-21T18:14:21.981+0000] {logging_mixin.py:188} INFO - [2025-08-21T18:14:21.981+0000] {dag.py:3954} INFO - Setting next_dagrun for stock_prices_pipeline to 2025-08-20 00:00:00+00:00, run_after=2025-08-21 00:00:00+00:00
[2025-08-21T18:14:22.011+0000] {processor.py:183} INFO - Processing /opt/airflow/dags/fetch_stock_prices.py took 0.178 seconds
[2025-08-21T18:14:52.084+0000] {processor.py:161} INFO - Started process (PID=174) to work on /opt/airflow/dags/fetch_stock_prices.py
[2025-08-21T18:14:52.086+0000] {processor.py:830} INFO - Processing file /opt/airflow/dags/fetch_stock_prices.py for tasks to queue
[2025-08-21T18:14:52.090+0000] {logging_mixin.py:188} INFO - [2025-08-21T18:14:52.090+0000] {dagbag.py:545} INFO - Filling up the DagBag from /opt/airflow/dags/fetch_stock_prices.py
[2025-08-21T18:14:52.115+0000] {processor.py:840} INFO - DAG(s) 'stock_prices_pipeline' retrieved from /opt/airflow/dags/fetch_stock_prices.py
[2025-08-21T18:14:52.403+0000] {logging_mixin.py:188} INFO - [2025-08-21T18:14:52.403+0000] {dag.py:3096} INFO - Sync 1 DAGs
[2025-08-21T18:14:52.425+0000] {logging_mixin.py:188} INFO - [2025-08-21T18:14:52.425+0000] {dag.py:3954} INFO - Setting next_dagrun for stock_prices_pipeline to 2025-08-20 00:00:00+00:00, run_after=2025-08-21 00:00:00+00:00
[2025-08-21T18:14:52.444+0000] {processor.py:183} INFO - Processing /opt/airflow/dags/fetch_stock_prices.py took 0.378 seconds
[2025-08-21T18:15:22.634+0000] {processor.py:161} INFO - Started process (PID=179) to work on /opt/airflow/dags/fetch_stock_prices.py
[2025-08-21T18:15:22.635+0000] {processor.py:830} INFO - Processing file /opt/airflow/dags/fetch_stock_prices.py for tasks to queue
[2025-08-21T18:15:22.641+0000] {logging_mixin.py:188} INFO - [2025-08-21T18:15:22.640+0000] {dagbag.py:545} INFO - Filling up the DagBag from /opt/airflow/dags/fetch_stock_prices.py
[2025-08-21T18:15:22.654+0000] {processor.py:840} INFO - DAG(s) 'stock_prices_pipeline' retrieved from /opt/airflow/dags/fetch_stock_prices.py
[2025-08-21T18:15:22.696+0000] {logging_mixin.py:188} INFO - [2025-08-21T18:15:22.696+0000] {dag.py:3096} INFO - Sync 1 DAGs
[2025-08-21T18:15:22.721+0000] {logging_mixin.py:188} INFO - [2025-08-21T18:15:22.721+0000] {dag.py:3954} INFO - Setting next_dagrun for stock_prices_pipeline to 2025-08-20 00:00:00+00:00, run_after=2025-08-21 00:00:00+00:00
[2025-08-21T18:15:22.744+0000] {processor.py:183} INFO - Processing /opt/airflow/dags/fetch_stock_prices.py took 0.118 seconds
[2025-08-21T18:15:52.833+0000] {processor.py:161} INFO - Started process (PID=184) to work on /opt/airflow/dags/fetch_stock_prices.py
[2025-08-21T18:15:52.834+0000] {processor.py:830} INFO - Processing file /opt/airflow/dags/fetch_stock_prices.py for tasks to queue
[2025-08-21T18:15:52.837+0000] {logging_mixin.py:188} INFO - [2025-08-21T18:15:52.837+0000] {dagbag.py:545} INFO - Filling up the DagBag from /opt/airflow/dags/fetch_stock_prices.py
[2025-08-21T18:15:52.851+0000] {processor.py:840} INFO - DAG(s) 'stock_prices_pipeline' retrieved from /opt/airflow/dags/fetch_stock_prices.py
[2025-08-21T18:15:52.890+0000] {logging_mixin.py:188} INFO - [2025-08-21T18:15:52.890+0000] {dag.py:3096} INFO - Sync 1 DAGs
[2025-08-21T18:15:52.921+0000] {logging_mixin.py:188} INFO - [2025-08-21T18:15:52.921+0000] {dag.py:3954} INFO - Setting next_dagrun for stock_prices_pipeline to 2025-08-20 00:00:00+00:00, run_after=2025-08-21 00:00:00+00:00
[2025-08-21T18:15:52.943+0000] {processor.py:183} INFO - Processing /opt/airflow/dags/fetch_stock_prices.py took 0.121 seconds
[2025-08-21T18:16:23.103+0000] {processor.py:161} INFO - Started process (PID=193) to work on /opt/airflow/dags/fetch_stock_prices.py
[2025-08-21T18:16:23.104+0000] {processor.py:830} INFO - Processing file /opt/airflow/dags/fetch_stock_prices.py for tasks to queue
[2025-08-21T18:16:23.106+0000] {logging_mixin.py:188} INFO - [2025-08-21T18:16:23.106+0000] {dagbag.py:545} INFO - Filling up the DagBag from /opt/airflow/dags/fetch_stock_prices.py
[2025-08-21T18:16:23.120+0000] {processor.py:840} INFO - DAG(s) 'stock_prices_pipeline' retrieved from /opt/airflow/dags/fetch_stock_prices.py
[2025-08-21T18:16:23.157+0000] {logging_mixin.py:188} INFO - [2025-08-21T18:16:23.157+0000] {dag.py:3096} INFO - Sync 1 DAGs
[2025-08-21T18:16:23.186+0000] {logging_mixin.py:188} INFO - [2025-08-21T18:16:23.186+0000] {dag.py:3954} INFO - Setting next_dagrun for stock_prices_pipeline to 2025-08-21 00:00:00+00:00, run_after=2025-08-22 00:00:00+00:00
[2025-08-21T18:16:23.207+0000] {processor.py:183} INFO - Processing /opt/airflow/dags/fetch_stock_prices.py took 0.112 seconds
[2025-08-21T18:18:27.088+0000] {processor.py:161} INFO - Started process (PID=168) to work on /opt/airflow/dags/fetch_stock_prices.py
[2025-08-21T18:18:27.089+0000] {processor.py:830} INFO - Processing file /opt/airflow/dags/fetch_stock_prices.py for tasks to queue
[2025-08-21T18:18:27.090+0000] {logging_mixin.py:188} INFO - [2025-08-21T18:18:27.090+0000] {dagbag.py:545} INFO - Filling up the DagBag from /opt/airflow/dags/fetch_stock_prices.py
[2025-08-21T18:18:27.112+0000] {processor.py:840} INFO - DAG(s) 'stock_prices_pipeline' retrieved from /opt/airflow/dags/fetch_stock_prices.py
[2025-08-21T18:18:27.152+0000] {logging_mixin.py:188} INFO - [2025-08-21T18:18:27.152+0000] {dag.py:3096} INFO - Sync 1 DAGs
[2025-08-21T18:18:27.184+0000] {logging_mixin.py:188} INFO - [2025-08-21T18:18:27.184+0000] {dag.py:3954} INFO - Setting next_dagrun for stock_prices_pipeline to 2025-08-21 00:00:00+00:00, run_after=2025-08-22 00:00:00+00:00
[2025-08-21T18:18:27.209+0000] {processor.py:183} INFO - Processing /opt/airflow/dags/fetch_stock_prices.py took 0.129 seconds
[2025-08-21T18:18:57.303+0000] {processor.py:161} INFO - Started process (PID=173) to work on /opt/airflow/dags/fetch_stock_prices.py
[2025-08-21T18:18:57.304+0000] {processor.py:830} INFO - Processing file /opt/airflow/dags/fetch_stock_prices.py for tasks to queue
[2025-08-21T18:18:57.306+0000] {logging_mixin.py:188} INFO - [2025-08-21T18:18:57.306+0000] {dagbag.py:545} INFO - Filling up the DagBag from /opt/airflow/dags/fetch_stock_prices.py
[2025-08-21T18:18:57.326+0000] {processor.py:840} INFO - DAG(s) 'stock_prices_pipeline' retrieved from /opt/airflow/dags/fetch_stock_prices.py
[2025-08-21T18:18:57.566+0000] {logging_mixin.py:188} INFO - [2025-08-21T18:18:57.566+0000] {dag.py:3096} INFO - Sync 1 DAGs
[2025-08-21T18:18:57.584+0000] {logging_mixin.py:188} INFO - [2025-08-21T18:18:57.584+0000] {dag.py:3954} INFO - Setting next_dagrun for stock_prices_pipeline to 2025-08-21 00:00:00+00:00, run_after=2025-08-22 00:00:00+00:00
[2025-08-21T18:18:57.600+0000] {processor.py:183} INFO - Processing /opt/airflow/dags/fetch_stock_prices.py took 0.309 seconds
[2025-08-21T18:19:27.795+0000] {processor.py:161} INFO - Started process (PID=178) to work on /opt/airflow/dags/fetch_stock_prices.py
[2025-08-21T18:19:27.797+0000] {processor.py:830} INFO - Processing file /opt/airflow/dags/fetch_stock_prices.py for tasks to queue
[2025-08-21T18:19:27.802+0000] {logging_mixin.py:188} INFO - [2025-08-21T18:19:27.802+0000] {dagbag.py:545} INFO - Filling up the DagBag from /opt/airflow/dags/fetch_stock_prices.py
[2025-08-21T18:19:27.816+0000] {processor.py:840} INFO - DAG(s) 'stock_prices_pipeline' retrieved from /opt/airflow/dags/fetch_stock_prices.py
[2025-08-21T18:19:27.855+0000] {logging_mixin.py:188} INFO - [2025-08-21T18:19:27.855+0000] {dag.py:3096} INFO - Sync 1 DAGs
[2025-08-21T18:19:27.879+0000] {logging_mixin.py:188} INFO - [2025-08-21T18:19:27.879+0000] {dag.py:3954} INFO - Setting next_dagrun for stock_prices_pipeline to 2025-08-21 00:00:00+00:00, run_after=2025-08-22 00:00:00+00:00
[2025-08-21T18:19:27.900+0000] {processor.py:183} INFO - Processing /opt/airflow/dags/fetch_stock_prices.py took 0.113 seconds
[2025-08-21T18:19:57.982+0000] {processor.py:161} INFO - Started process (PID=183) to work on /opt/airflow/dags/fetch_stock_prices.py
[2025-08-21T18:19:57.983+0000] {processor.py:830} INFO - Processing file /opt/airflow/dags/fetch_stock_prices.py for tasks to queue
[2025-08-21T18:19:57.986+0000] {logging_mixin.py:188} INFO - [2025-08-21T18:19:57.986+0000] {dagbag.py:545} INFO - Filling up the DagBag from /opt/airflow/dags/fetch_stock_prices.py
[2025-08-21T18:19:58.000+0000] {processor.py:840} INFO - DAG(s) 'stock_prices_pipeline' retrieved from /opt/airflow/dags/fetch_stock_prices.py
[2025-08-21T18:19:58.040+0000] {logging_mixin.py:188} INFO - [2025-08-21T18:19:58.040+0000] {dag.py:3096} INFO - Sync 1 DAGs
[2025-08-21T18:19:58.064+0000] {logging_mixin.py:188} INFO - [2025-08-21T18:19:58.064+0000] {dag.py:3954} INFO - Setting next_dagrun for stock_prices_pipeline to 2025-08-21 00:00:00+00:00, run_after=2025-08-22 00:00:00+00:00
[2025-08-21T18:19:58.085+0000] {processor.py:183} INFO - Processing /opt/airflow/dags/fetch_stock_prices.py took 0.111 seconds
[2025-08-21T18:20:28.332+0000] {processor.py:161} INFO - Started process (PID=188) to work on /opt/airflow/dags/fetch_stock_prices.py
[2025-08-21T18:20:28.333+0000] {processor.py:830} INFO - Processing file /opt/airflow/dags/fetch_stock_prices.py for tasks to queue
[2025-08-21T18:20:28.335+0000] {logging_mixin.py:188} INFO - [2025-08-21T18:20:28.335+0000] {dagbag.py:545} INFO - Filling up the DagBag from /opt/airflow/dags/fetch_stock_prices.py
[2025-08-21T18:20:28.352+0000] {processor.py:840} INFO - DAG(s) 'stock_prices_pipeline' retrieved from /opt/airflow/dags/fetch_stock_prices.py
[2025-08-21T18:20:28.393+0000] {logging_mixin.py:188} INFO - [2025-08-21T18:20:28.393+0000] {dag.py:3096} INFO - Sync 1 DAGs
[2025-08-21T18:20:28.423+0000] {logging_mixin.py:188} INFO - [2025-08-21T18:20:28.423+0000] {dag.py:3954} INFO - Setting next_dagrun for stock_prices_pipeline to 2025-08-21 00:00:00+00:00, run_after=2025-08-22 00:00:00+00:00
[2025-08-21T18:20:28.446+0000] {processor.py:183} INFO - Processing /opt/airflow/dags/fetch_stock_prices.py took 0.122 seconds
[2025-08-21T18:20:58.520+0000] {processor.py:161} INFO - Started process (PID=193) to work on /opt/airflow/dags/fetch_stock_prices.py
[2025-08-21T18:20:58.522+0000] {processor.py:830} INFO - Processing file /opt/airflow/dags/fetch_stock_prices.py for tasks to queue
[2025-08-21T18:20:58.524+0000] {logging_mixin.py:188} INFO - [2025-08-21T18:20:58.524+0000] {dagbag.py:545} INFO - Filling up the DagBag from /opt/airflow/dags/fetch_stock_prices.py
[2025-08-21T18:20:58.541+0000] {processor.py:840} INFO - DAG(s) 'stock_prices_pipeline' retrieved from /opt/airflow/dags/fetch_stock_prices.py
[2025-08-21T18:20:58.589+0000] {logging_mixin.py:188} INFO - [2025-08-21T18:20:58.588+0000] {dag.py:3096} INFO - Sync 1 DAGs
[2025-08-21T18:20:58.630+0000] {logging_mixin.py:188} INFO - [2025-08-21T18:20:58.629+0000] {dag.py:3954} INFO - Setting next_dagrun for stock_prices_pipeline to 2025-08-21 00:00:00+00:00, run_after=2025-08-22 00:00:00+00:00
[2025-08-21T18:20:58.661+0000] {processor.py:183} INFO - Processing /opt/airflow/dags/fetch_stock_prices.py took 0.150 seconds
[2025-08-21T18:21:28.857+0000] {processor.py:161} INFO - Started process (PID=198) to work on /opt/airflow/dags/fetch_stock_prices.py
[2025-08-21T18:21:28.858+0000] {processor.py:830} INFO - Processing file /opt/airflow/dags/fetch_stock_prices.py for tasks to queue
[2025-08-21T18:21:28.861+0000] {logging_mixin.py:188} INFO - [2025-08-21T18:21:28.860+0000] {dagbag.py:545} INFO - Filling up the DagBag from /opt/airflow/dags/fetch_stock_prices.py
[2025-08-21T18:21:28.878+0000] {processor.py:840} INFO - DAG(s) 'stock_prices_pipeline' retrieved from /opt/airflow/dags/fetch_stock_prices.py
[2025-08-21T18:21:28.921+0000] {logging_mixin.py:188} INFO - [2025-08-21T18:21:28.921+0000] {dag.py:3096} INFO - Sync 1 DAGs
[2025-08-21T18:21:28.949+0000] {logging_mixin.py:188} INFO - [2025-08-21T18:21:28.948+0000] {dag.py:3954} INFO - Setting next_dagrun for stock_prices_pipeline to 2025-08-21 00:00:00+00:00, run_after=2025-08-22 00:00:00+00:00
[2025-08-21T18:21:28.973+0000] {processor.py:183} INFO - Processing /opt/airflow/dags/fetch_stock_prices.py took 0.125 seconds
[2025-08-21T18:21:59.222+0000] {processor.py:161} INFO - Started process (PID=203) to work on /opt/airflow/dags/fetch_stock_prices.py
[2025-08-21T18:21:59.223+0000] {processor.py:830} INFO - Processing file /opt/airflow/dags/fetch_stock_prices.py for tasks to queue
[2025-08-21T18:21:59.226+0000] {logging_mixin.py:188} INFO - [2025-08-21T18:21:59.226+0000] {dagbag.py:545} INFO - Filling up the DagBag from /opt/airflow/dags/fetch_stock_prices.py
[2025-08-21T18:21:59.242+0000] {processor.py:840} INFO - DAG(s) 'stock_prices_pipeline' retrieved from /opt/airflow/dags/fetch_stock_prices.py
[2025-08-21T18:21:59.287+0000] {logging_mixin.py:188} INFO - [2025-08-21T18:21:59.286+0000] {dag.py:3096} INFO - Sync 1 DAGs
[2025-08-21T18:21:59.317+0000] {logging_mixin.py:188} INFO - [2025-08-21T18:21:59.317+0000] {dag.py:3954} INFO - Setting next_dagrun for stock_prices_pipeline to 2025-08-21 00:00:00+00:00, run_after=2025-08-22 00:00:00+00:00
[2025-08-21T18:21:59.348+0000] {processor.py:183} INFO - Processing /opt/airflow/dags/fetch_stock_prices.py took 0.135 seconds
[2025-08-21T18:22:29.522+0000] {processor.py:161} INFO - Started process (PID=208) to work on /opt/airflow/dags/fetch_stock_prices.py
[2025-08-21T18:22:29.523+0000] {processor.py:830} INFO - Processing file /opt/airflow/dags/fetch_stock_prices.py for tasks to queue
[2025-08-21T18:22:29.526+0000] {logging_mixin.py:188} INFO - [2025-08-21T18:22:29.525+0000] {dagbag.py:545} INFO - Filling up the DagBag from /opt/airflow/dags/fetch_stock_prices.py
[2025-08-21T18:22:29.542+0000] {processor.py:840} INFO - DAG(s) 'stock_prices_pipeline' retrieved from /opt/airflow/dags/fetch_stock_prices.py
[2025-08-21T18:22:29.586+0000] {logging_mixin.py:188} INFO - [2025-08-21T18:22:29.586+0000] {dag.py:3096} INFO - Sync 1 DAGs
[2025-08-21T18:22:29.616+0000] {logging_mixin.py:188} INFO - [2025-08-21T18:22:29.616+0000] {dag.py:3954} INFO - Setting next_dagrun for stock_prices_pipeline to 2025-08-21 00:00:00+00:00, run_after=2025-08-22 00:00:00+00:00
[2025-08-21T18:22:29.641+0000] {processor.py:183} INFO - Processing /opt/airflow/dags/fetch_stock_prices.py took 0.128 seconds
[2025-08-21T18:22:59.729+0000] {processor.py:161} INFO - Started process (PID=213) to work on /opt/airflow/dags/fetch_stock_prices.py
[2025-08-21T18:22:59.730+0000] {processor.py:830} INFO - Processing file /opt/airflow/dags/fetch_stock_prices.py for tasks to queue
[2025-08-21T18:22:59.733+0000] {logging_mixin.py:188} INFO - [2025-08-21T18:22:59.733+0000] {dagbag.py:545} INFO - Filling up the DagBag from /opt/airflow/dags/fetch_stock_prices.py
[2025-08-21T18:22:59.752+0000] {processor.py:840} INFO - DAG(s) 'stock_prices_pipeline' retrieved from /opt/airflow/dags/fetch_stock_prices.py
[2025-08-21T18:22:59.805+0000] {logging_mixin.py:188} INFO - [2025-08-21T18:22:59.805+0000] {dag.py:3096} INFO - Sync 1 DAGs
[2025-08-21T18:22:59.846+0000] {logging_mixin.py:188} INFO - [2025-08-21T18:22:59.845+0000] {dag.py:3954} INFO - Setting next_dagrun for stock_prices_pipeline to 2025-08-21 00:00:00+00:00, run_after=2025-08-22 00:00:00+00:00
[2025-08-21T18:22:59.875+0000] {processor.py:183} INFO - Processing /opt/airflow/dags/fetch_stock_prices.py took 0.155 seconds
[2025-08-21T18:23:30.053+0000] {processor.py:161} INFO - Started process (PID=218) to work on /opt/airflow/dags/fetch_stock_prices.py
[2025-08-21T18:23:30.054+0000] {processor.py:830} INFO - Processing file /opt/airflow/dags/fetch_stock_prices.py for tasks to queue
[2025-08-21T18:23:30.057+0000] {logging_mixin.py:188} INFO - [2025-08-21T18:23:30.057+0000] {dagbag.py:545} INFO - Filling up the DagBag from /opt/airflow/dags/fetch_stock_prices.py
[2025-08-21T18:23:30.073+0000] {processor.py:840} INFO - DAG(s) 'stock_prices_pipeline' retrieved from /opt/airflow/dags/fetch_stock_prices.py
[2025-08-21T18:23:30.115+0000] {logging_mixin.py:188} INFO - [2025-08-21T18:23:30.115+0000] {dag.py:3096} INFO - Sync 1 DAGs
[2025-08-21T18:23:30.215+0000] {logging_mixin.py:188} INFO - [2025-08-21T18:23:30.214+0000] {dag.py:3954} INFO - Setting next_dagrun for stock_prices_pipeline to 2025-08-21 00:00:00+00:00, run_after=2025-08-22 00:00:00+00:00
[2025-08-21T18:23:30.241+0000] {processor.py:183} INFO - Processing /opt/airflow/dags/fetch_stock_prices.py took 0.196 seconds
[2025-08-21T18:24:00.277+0000] {processor.py:161} INFO - Started process (PID=223) to work on /opt/airflow/dags/fetch_stock_prices.py
[2025-08-21T18:24:00.278+0000] {processor.py:830} INFO - Processing file /opt/airflow/dags/fetch_stock_prices.py for tasks to queue
[2025-08-21T18:24:00.280+0000] {logging_mixin.py:188} INFO - [2025-08-21T18:24:00.280+0000] {dagbag.py:545} INFO - Filling up the DagBag from /opt/airflow/dags/fetch_stock_prices.py
[2025-08-21T18:24:00.295+0000] {processor.py:840} INFO - DAG(s) 'stock_prices_pipeline' retrieved from /opt/airflow/dags/fetch_stock_prices.py
[2025-08-21T18:24:00.334+0000] {logging_mixin.py:188} INFO - [2025-08-21T18:24:00.334+0000] {dag.py:3096} INFO - Sync 1 DAGs
[2025-08-21T18:24:00.359+0000] {logging_mixin.py:188} INFO - [2025-08-21T18:24:00.359+0000] {dag.py:3954} INFO - Setting next_dagrun for stock_prices_pipeline to 2025-08-21 00:00:00+00:00, run_after=2025-08-22 00:00:00+00:00
[2025-08-21T18:24:00.379+0000] {processor.py:183} INFO - Processing /opt/airflow/dags/fetch_stock_prices.py took 0.110 seconds
[2025-08-21T18:24:30.467+0000] {processor.py:161} INFO - Started process (PID=228) to work on /opt/airflow/dags/fetch_stock_prices.py
[2025-08-21T18:24:30.467+0000] {processor.py:830} INFO - Processing file /opt/airflow/dags/fetch_stock_prices.py for tasks to queue
[2025-08-21T18:24:30.470+0000] {logging_mixin.py:188} INFO - [2025-08-21T18:24:30.469+0000] {dagbag.py:545} INFO - Filling up the DagBag from /opt/airflow/dags/fetch_stock_prices.py
[2025-08-21T18:24:30.484+0000] {processor.py:840} INFO - DAG(s) 'stock_prices_pipeline' retrieved from /opt/airflow/dags/fetch_stock_prices.py
[2025-08-21T18:24:30.522+0000] {logging_mixin.py:188} INFO - [2025-08-21T18:24:30.522+0000] {dag.py:3096} INFO - Sync 1 DAGs
[2025-08-21T18:24:30.547+0000] {logging_mixin.py:188} INFO - [2025-08-21T18:24:30.547+0000] {dag.py:3954} INFO - Setting next_dagrun for stock_prices_pipeline to 2025-08-21 00:00:00+00:00, run_after=2025-08-22 00:00:00+00:00
[2025-08-21T18:24:30.567+0000] {processor.py:183} INFO - Processing /opt/airflow/dags/fetch_stock_prices.py took 0.109 seconds
[2025-08-21T18:25:00.741+0000] {processor.py:161} INFO - Started process (PID=233) to work on /opt/airflow/dags/fetch_stock_prices.py
[2025-08-21T18:25:00.742+0000] {processor.py:830} INFO - Processing file /opt/airflow/dags/fetch_stock_prices.py for tasks to queue
[2025-08-21T18:25:00.745+0000] {logging_mixin.py:188} INFO - [2025-08-21T18:25:00.744+0000] {dagbag.py:545} INFO - Filling up the DagBag from /opt/airflow/dags/fetch_stock_prices.py
[2025-08-21T18:25:00.760+0000] {processor.py:840} INFO - DAG(s) 'stock_prices_pipeline' retrieved from /opt/airflow/dags/fetch_stock_prices.py
[2025-08-21T18:25:00.801+0000] {logging_mixin.py:188} INFO - [2025-08-21T18:25:00.801+0000] {dag.py:3096} INFO - Sync 1 DAGs
[2025-08-21T18:25:00.828+0000] {logging_mixin.py:188} INFO - [2025-08-21T18:25:00.827+0000] {dag.py:3954} INFO - Setting next_dagrun for stock_prices_pipeline to 2025-08-21 00:00:00+00:00, run_after=2025-08-22 00:00:00+00:00
[2025-08-21T18:25:00.848+0000] {processor.py:183} INFO - Processing /opt/airflow/dags/fetch_stock_prices.py took 0.117 seconds
[2025-08-21T18:25:31.022+0000] {processor.py:161} INFO - Started process (PID=238) to work on /opt/airflow/dags/fetch_stock_prices.py
[2025-08-21T18:25:31.023+0000] {processor.py:830} INFO - Processing file /opt/airflow/dags/fetch_stock_prices.py for tasks to queue
[2025-08-21T18:25:31.026+0000] {logging_mixin.py:188} INFO - [2025-08-21T18:25:31.025+0000] {dagbag.py:545} INFO - Filling up the DagBag from /opt/airflow/dags/fetch_stock_prices.py
[2025-08-21T18:25:31.045+0000] {processor.py:840} INFO - DAG(s) 'stock_prices_pipeline' retrieved from /opt/airflow/dags/fetch_stock_prices.py
[2025-08-21T18:25:31.088+0000] {logging_mixin.py:188} INFO - [2025-08-21T18:25:31.087+0000] {dag.py:3096} INFO - Sync 1 DAGs
[2025-08-21T18:25:31.125+0000] {logging_mixin.py:188} INFO - [2025-08-21T18:25:31.124+0000] {dag.py:3954} INFO - Setting next_dagrun for stock_prices_pipeline to 2025-08-21 00:00:00+00:00, run_after=2025-08-22 00:00:00+00:00
[2025-08-21T18:25:31.179+0000] {processor.py:183} INFO - Processing /opt/airflow/dags/fetch_stock_prices.py took 0.166 seconds
[2025-08-21T18:26:01.372+0000] {processor.py:161} INFO - Started process (PID=243) to work on /opt/airflow/dags/fetch_stock_prices.py
[2025-08-21T18:26:01.373+0000] {processor.py:830} INFO - Processing file /opt/airflow/dags/fetch_stock_prices.py for tasks to queue
[2025-08-21T18:26:01.375+0000] {logging_mixin.py:188} INFO - [2025-08-21T18:26:01.374+0000] {dagbag.py:545} INFO - Filling up the DagBag from /opt/airflow/dags/fetch_stock_prices.py
[2025-08-21T18:26:01.388+0000] {processor.py:840} INFO - DAG(s) 'stock_prices_pipeline' retrieved from /opt/airflow/dags/fetch_stock_prices.py
[2025-08-21T18:26:01.429+0000] {logging_mixin.py:188} INFO - [2025-08-21T18:26:01.428+0000] {dag.py:3096} INFO - Sync 1 DAGs
[2025-08-21T18:26:01.461+0000] {logging_mixin.py:188} INFO - [2025-08-21T18:26:01.460+0000] {dag.py:3954} INFO - Setting next_dagrun for stock_prices_pipeline to 2025-08-21 00:00:00+00:00, run_after=2025-08-22 00:00:00+00:00
[2025-08-21T18:26:01.489+0000] {processor.py:183} INFO - Processing /opt/airflow/dags/fetch_stock_prices.py took 0.125 seconds
[2025-08-21T18:26:31.559+0000] {processor.py:161} INFO - Started process (PID=248) to work on /opt/airflow/dags/fetch_stock_prices.py
[2025-08-21T18:26:31.560+0000] {processor.py:830} INFO - Processing file /opt/airflow/dags/fetch_stock_prices.py for tasks to queue
[2025-08-21T18:26:31.562+0000] {logging_mixin.py:188} INFO - [2025-08-21T18:26:31.562+0000] {dagbag.py:545} INFO - Filling up the DagBag from /opt/airflow/dags/fetch_stock_prices.py
[2025-08-21T18:26:31.576+0000] {processor.py:840} INFO - DAG(s) 'stock_prices_pipeline' retrieved from /opt/airflow/dags/fetch_stock_prices.py
[2025-08-21T18:26:31.614+0000] {logging_mixin.py:188} INFO - [2025-08-21T18:26:31.614+0000] {dag.py:3096} INFO - Sync 1 DAGs
[2025-08-21T18:26:31.641+0000] {logging_mixin.py:188} INFO - [2025-08-21T18:26:31.640+0000] {dag.py:3954} INFO - Setting next_dagrun for stock_prices_pipeline to 2025-08-21 00:00:00+00:00, run_after=2025-08-22 00:00:00+00:00
[2025-08-21T18:26:31.660+0000] {processor.py:183} INFO - Processing /opt/airflow/dags/fetch_stock_prices.py took 0.109 seconds
[2025-08-21T18:27:01.853+0000] {processor.py:161} INFO - Started process (PID=253) to work on /opt/airflow/dags/fetch_stock_prices.py
[2025-08-21T18:27:01.854+0000] {processor.py:830} INFO - Processing file /opt/airflow/dags/fetch_stock_prices.py for tasks to queue
[2025-08-21T18:27:01.856+0000] {logging_mixin.py:188} INFO - [2025-08-21T18:27:01.856+0000] {dagbag.py:545} INFO - Filling up the DagBag from /opt/airflow/dags/fetch_stock_prices.py
[2025-08-21T18:27:01.870+0000] {processor.py:840} INFO - DAG(s) 'stock_prices_pipeline' retrieved from /opt/airflow/dags/fetch_stock_prices.py
[2025-08-21T18:27:01.908+0000] {logging_mixin.py:188} INFO - [2025-08-21T18:27:01.907+0000] {dag.py:3096} INFO - Sync 1 DAGs
[2025-08-21T18:27:01.932+0000] {logging_mixin.py:188} INFO - [2025-08-21T18:27:01.932+0000] {dag.py:3954} INFO - Setting next_dagrun for stock_prices_pipeline to 2025-08-21 00:00:00+00:00, run_after=2025-08-22 00:00:00+00:00
[2025-08-21T18:27:01.952+0000] {processor.py:183} INFO - Processing /opt/airflow/dags/fetch_stock_prices.py took 0.107 seconds
[2025-08-21T18:27:32.063+0000] {processor.py:161} INFO - Started process (PID=258) to work on /opt/airflow/dags/fetch_stock_prices.py
[2025-08-21T18:27:32.064+0000] {processor.py:830} INFO - Processing file /opt/airflow/dags/fetch_stock_prices.py for tasks to queue
[2025-08-21T18:27:32.066+0000] {logging_mixin.py:188} INFO - [2025-08-21T18:27:32.066+0000] {dagbag.py:545} INFO - Filling up the DagBag from /opt/airflow/dags/fetch_stock_prices.py
[2025-08-21T18:27:32.082+0000] {processor.py:840} INFO - DAG(s) 'stock_prices_pipeline' retrieved from /opt/airflow/dags/fetch_stock_prices.py
[2025-08-21T18:27:32.128+0000] {logging_mixin.py:188} INFO - [2025-08-21T18:27:32.127+0000] {dag.py:3096} INFO - Sync 1 DAGs
[2025-08-21T18:27:32.158+0000] {logging_mixin.py:188} INFO - [2025-08-21T18:27:32.157+0000] {dag.py:3954} INFO - Setting next_dagrun for stock_prices_pipeline to 2025-08-21 00:00:00+00:00, run_after=2025-08-22 00:00:00+00:00
[2025-08-21T18:27:32.183+0000] {processor.py:183} INFO - Processing /opt/airflow/dags/fetch_stock_prices.py took 0.129 seconds
[2025-08-21T18:28:02.267+0000] {processor.py:161} INFO - Started process (PID=263) to work on /opt/airflow/dags/fetch_stock_prices.py
[2025-08-21T18:28:02.268+0000] {processor.py:830} INFO - Processing file /opt/airflow/dags/fetch_stock_prices.py for tasks to queue
[2025-08-21T18:28:02.270+0000] {logging_mixin.py:188} INFO - [2025-08-21T18:28:02.270+0000] {dagbag.py:545} INFO - Filling up the DagBag from /opt/airflow/dags/fetch_stock_prices.py
[2025-08-21T18:28:02.286+0000] {processor.py:840} INFO - DAG(s) 'stock_prices_pipeline' retrieved from /opt/airflow/dags/fetch_stock_prices.py
[2025-08-21T18:28:02.327+0000] {logging_mixin.py:188} INFO - [2025-08-21T18:28:02.327+0000] {dag.py:3096} INFO - Sync 1 DAGs
[2025-08-21T18:28:02.352+0000] {logging_mixin.py:188} INFO - [2025-08-21T18:28:02.352+0000] {dag.py:3954} INFO - Setting next_dagrun for stock_prices_pipeline to 2025-08-21 00:00:00+00:00, run_after=2025-08-22 00:00:00+00:00
[2025-08-21T18:28:02.372+0000] {processor.py:183} INFO - Processing /opt/airflow/dags/fetch_stock_prices.py took 0.113 seconds
[2025-08-21T18:28:32.565+0000] {processor.py:161} INFO - Started process (PID=268) to work on /opt/airflow/dags/fetch_stock_prices.py
[2025-08-21T18:28:32.566+0000] {processor.py:830} INFO - Processing file /opt/airflow/dags/fetch_stock_prices.py for tasks to queue
[2025-08-21T18:28:32.569+0000] {logging_mixin.py:188} INFO - [2025-08-21T18:28:32.568+0000] {dagbag.py:545} INFO - Filling up the DagBag from /opt/airflow/dags/fetch_stock_prices.py
[2025-08-21T18:28:32.583+0000] {processor.py:840} INFO - DAG(s) 'stock_prices_pipeline' retrieved from /opt/airflow/dags/fetch_stock_prices.py
[2025-08-21T18:28:32.620+0000] {logging_mixin.py:188} INFO - [2025-08-21T18:28:32.620+0000] {dag.py:3096} INFO - Sync 1 DAGs
[2025-08-21T18:28:32.643+0000] {logging_mixin.py:188} INFO - [2025-08-21T18:28:32.643+0000] {dag.py:3954} INFO - Setting next_dagrun for stock_prices_pipeline to 2025-08-21 00:00:00+00:00, run_after=2025-08-22 00:00:00+00:00
[2025-08-21T18:28:32.664+0000] {processor.py:183} INFO - Processing /opt/airflow/dags/fetch_stock_prices.py took 0.107 seconds
[2025-08-21T18:29:02.770+0000] {processor.py:161} INFO - Started process (PID=273) to work on /opt/airflow/dags/fetch_stock_prices.py
[2025-08-21T18:29:02.771+0000] {processor.py:830} INFO - Processing file /opt/airflow/dags/fetch_stock_prices.py for tasks to queue
[2025-08-21T18:29:02.773+0000] {logging_mixin.py:188} INFO - [2025-08-21T18:29:02.773+0000] {dagbag.py:545} INFO - Filling up the DagBag from /opt/airflow/dags/fetch_stock_prices.py
[2025-08-21T18:29:02.788+0000] {processor.py:840} INFO - DAG(s) 'stock_prices_pipeline' retrieved from /opt/airflow/dags/fetch_stock_prices.py
[2025-08-21T18:29:02.827+0000] {logging_mixin.py:188} INFO - [2025-08-21T18:29:02.827+0000] {dag.py:3096} INFO - Sync 1 DAGs
[2025-08-21T18:29:02.852+0000] {logging_mixin.py:188} INFO - [2025-08-21T18:29:02.851+0000] {dag.py:3954} INFO - Setting next_dagrun for stock_prices_pipeline to 2025-08-21 00:00:00+00:00, run_after=2025-08-22 00:00:00+00:00
[2025-08-21T18:29:02.872+0000] {processor.py:183} INFO - Processing /opt/airflow/dags/fetch_stock_prices.py took 0.112 seconds
[2025-08-21T18:29:33.031+0000] {processor.py:161} INFO - Started process (PID=278) to work on /opt/airflow/dags/fetch_stock_prices.py
[2025-08-21T18:29:33.032+0000] {processor.py:830} INFO - Processing file /opt/airflow/dags/fetch_stock_prices.py for tasks to queue
[2025-08-21T18:29:33.034+0000] {logging_mixin.py:188} INFO - [2025-08-21T18:29:33.034+0000] {dagbag.py:545} INFO - Filling up the DagBag from /opt/airflow/dags/fetch_stock_prices.py
[2025-08-21T18:29:33.049+0000] {processor.py:840} INFO - DAG(s) 'stock_prices_pipeline' retrieved from /opt/airflow/dags/fetch_stock_prices.py
[2025-08-21T18:29:33.085+0000] {logging_mixin.py:188} INFO - [2025-08-21T18:29:33.085+0000] {dag.py:3096} INFO - Sync 1 DAGs
[2025-08-21T18:29:33.110+0000] {logging_mixin.py:188} INFO - [2025-08-21T18:29:33.110+0000] {dag.py:3954} INFO - Setting next_dagrun for stock_prices_pipeline to 2025-08-21 00:00:00+00:00, run_after=2025-08-22 00:00:00+00:00
[2025-08-21T18:29:33.130+0000] {processor.py:183} INFO - Processing /opt/airflow/dags/fetch_stock_prices.py took 0.108 seconds
[2025-08-21T18:30:03.231+0000] {processor.py:161} INFO - Started process (PID=283) to work on /opt/airflow/dags/fetch_stock_prices.py
[2025-08-21T18:30:03.232+0000] {processor.py:830} INFO - Processing file /opt/airflow/dags/fetch_stock_prices.py for tasks to queue
[2025-08-21T18:30:03.234+0000] {logging_mixin.py:188} INFO - [2025-08-21T18:30:03.234+0000] {dagbag.py:545} INFO - Filling up the DagBag from /opt/airflow/dags/fetch_stock_prices.py
[2025-08-21T18:30:03.248+0000] {processor.py:840} INFO - DAG(s) 'stock_prices_pipeline' retrieved from /opt/airflow/dags/fetch_stock_prices.py
[2025-08-21T18:30:03.288+0000] {logging_mixin.py:188} INFO - [2025-08-21T18:30:03.288+0000] {dag.py:3096} INFO - Sync 1 DAGs
[2025-08-21T18:30:03.314+0000] {logging_mixin.py:188} INFO - [2025-08-21T18:30:03.313+0000] {dag.py:3954} INFO - Setting next_dagrun for stock_prices_pipeline to 2025-08-21 00:00:00+00:00, run_after=2025-08-22 00:00:00+00:00
[2025-08-21T18:30:03.333+0000] {processor.py:183} INFO - Processing /opt/airflow/dags/fetch_stock_prices.py took 0.111 seconds
[2025-08-21T18:30:33.516+0000] {processor.py:161} INFO - Started process (PID=288) to work on /opt/airflow/dags/fetch_stock_prices.py
[2025-08-21T18:30:33.517+0000] {processor.py:830} INFO - Processing file /opt/airflow/dags/fetch_stock_prices.py for tasks to queue
[2025-08-21T18:30:33.519+0000] {logging_mixin.py:188} INFO - [2025-08-21T18:30:33.519+0000] {dagbag.py:545} INFO - Filling up the DagBag from /opt/airflow/dags/fetch_stock_prices.py
[2025-08-21T18:30:33.533+0000] {processor.py:840} INFO - DAG(s) 'stock_prices_pipeline' retrieved from /opt/airflow/dags/fetch_stock_prices.py
[2025-08-21T18:30:33.570+0000] {logging_mixin.py:188} INFO - [2025-08-21T18:30:33.570+0000] {dag.py:3096} INFO - Sync 1 DAGs
[2025-08-21T18:30:33.594+0000] {logging_mixin.py:188} INFO - [2025-08-21T18:30:33.594+0000] {dag.py:3954} INFO - Setting next_dagrun for stock_prices_pipeline to 2025-08-21 00:00:00+00:00, run_after=2025-08-22 00:00:00+00:00
[2025-08-21T18:30:33.614+0000] {processor.py:183} INFO - Processing /opt/airflow/dags/fetch_stock_prices.py took 0.106 seconds
[2025-08-21T18:31:03.716+0000] {processor.py:161} INFO - Started process (PID=293) to work on /opt/airflow/dags/fetch_stock_prices.py
[2025-08-21T18:31:03.717+0000] {processor.py:830} INFO - Processing file /opt/airflow/dags/fetch_stock_prices.py for tasks to queue
[2025-08-21T18:31:03.720+0000] {logging_mixin.py:188} INFO - [2025-08-21T18:31:03.719+0000] {dagbag.py:545} INFO - Filling up the DagBag from /opt/airflow/dags/fetch_stock_prices.py
[2025-08-21T18:31:03.735+0000] {processor.py:840} INFO - DAG(s) 'stock_prices_pipeline' retrieved from /opt/airflow/dags/fetch_stock_prices.py
[2025-08-21T18:31:03.776+0000] {logging_mixin.py:188} INFO - [2025-08-21T18:31:03.775+0000] {dag.py:3096} INFO - Sync 1 DAGs
[2025-08-21T18:31:03.801+0000] {logging_mixin.py:188} INFO - [2025-08-21T18:31:03.800+0000] {dag.py:3954} INFO - Setting next_dagrun for stock_prices_pipeline to 2025-08-21 00:00:00+00:00, run_after=2025-08-22 00:00:00+00:00
[2025-08-21T18:31:03.821+0000] {processor.py:183} INFO - Processing /opt/airflow/dags/fetch_stock_prices.py took 0.114 seconds
[2025-08-21T18:31:33.987+0000] {processor.py:161} INFO - Started process (PID=298) to work on /opt/airflow/dags/fetch_stock_prices.py
[2025-08-21T18:31:33.988+0000] {processor.py:830} INFO - Processing file /opt/airflow/dags/fetch_stock_prices.py for tasks to queue
[2025-08-21T18:31:33.993+0000] {logging_mixin.py:188} INFO - [2025-08-21T18:31:33.993+0000] {dagbag.py:545} INFO - Filling up the DagBag from /opt/airflow/dags/fetch_stock_prices.py
[2025-08-21T18:31:34.008+0000] {processor.py:840} INFO - DAG(s) 'stock_prices_pipeline' retrieved from /opt/airflow/dags/fetch_stock_prices.py
[2025-08-21T18:31:34.047+0000] {logging_mixin.py:188} INFO - [2025-08-21T18:31:34.047+0000] {dag.py:3096} INFO - Sync 1 DAGs
[2025-08-21T18:31:34.073+0000] {logging_mixin.py:188} INFO - [2025-08-21T18:31:34.072+0000] {dag.py:3954} INFO - Setting next_dagrun for stock_prices_pipeline to 2025-08-21 00:00:00+00:00, run_after=2025-08-22 00:00:00+00:00
[2025-08-21T18:31:34.095+0000] {processor.py:183} INFO - Processing /opt/airflow/dags/fetch_stock_prices.py took 0.117 seconds
[2025-08-21T18:32:04.198+0000] {processor.py:161} INFO - Started process (PID=303) to work on /opt/airflow/dags/fetch_stock_prices.py
[2025-08-21T18:32:04.199+0000] {processor.py:830} INFO - Processing file /opt/airflow/dags/fetch_stock_prices.py for tasks to queue
[2025-08-21T18:32:04.201+0000] {logging_mixin.py:188} INFO - [2025-08-21T18:32:04.201+0000] {dagbag.py:545} INFO - Filling up the DagBag from /opt/airflow/dags/fetch_stock_prices.py
[2025-08-21T18:32:04.216+0000] {processor.py:840} INFO - DAG(s) 'stock_prices_pipeline' retrieved from /opt/airflow/dags/fetch_stock_prices.py
[2025-08-21T18:32:04.256+0000] {logging_mixin.py:188} INFO - [2025-08-21T18:32:04.255+0000] {dag.py:3096} INFO - Sync 1 DAGs
[2025-08-21T18:32:04.288+0000] {logging_mixin.py:188} INFO - [2025-08-21T18:32:04.287+0000] {dag.py:3954} INFO - Setting next_dagrun for stock_prices_pipeline to 2025-08-21 00:00:00+00:00, run_after=2025-08-22 00:00:00+00:00
[2025-08-21T18:32:04.314+0000] {processor.py:183} INFO - Processing /opt/airflow/dags/fetch_stock_prices.py took 0.124 seconds
[2025-08-21T18:32:34.459+0000] {processor.py:161} INFO - Started process (PID=308) to work on /opt/airflow/dags/fetch_stock_prices.py
[2025-08-21T18:32:34.460+0000] {processor.py:830} INFO - Processing file /opt/airflow/dags/fetch_stock_prices.py for tasks to queue
[2025-08-21T18:32:34.463+0000] {logging_mixin.py:188} INFO - [2025-08-21T18:32:34.462+0000] {dagbag.py:545} INFO - Filling up the DagBag from /opt/airflow/dags/fetch_stock_prices.py
[2025-08-21T18:32:34.477+0000] {processor.py:840} INFO - DAG(s) 'stock_prices_pipeline' retrieved from /opt/airflow/dags/fetch_stock_prices.py
[2025-08-21T18:32:34.519+0000] {logging_mixin.py:188} INFO - [2025-08-21T18:32:34.518+0000] {dag.py:3096} INFO - Sync 1 DAGs
[2025-08-21T18:32:34.543+0000] {logging_mixin.py:188} INFO - [2025-08-21T18:32:34.543+0000] {dag.py:3954} INFO - Setting next_dagrun for stock_prices_pipeline to 2025-08-21 00:00:00+00:00, run_after=2025-08-22 00:00:00+00:00
[2025-08-21T18:32:34.563+0000] {processor.py:183} INFO - Processing /opt/airflow/dags/fetch_stock_prices.py took 0.112 seconds
[2025-08-21T18:33:04.726+0000] {processor.py:161} INFO - Started process (PID=313) to work on /opt/airflow/dags/fetch_stock_prices.py
[2025-08-21T18:33:04.727+0000] {processor.py:830} INFO - Processing file /opt/airflow/dags/fetch_stock_prices.py for tasks to queue
[2025-08-21T18:33:04.730+0000] {logging_mixin.py:188} INFO - [2025-08-21T18:33:04.729+0000] {dagbag.py:545} INFO - Filling up the DagBag from /opt/airflow/dags/fetch_stock_prices.py
[2025-08-21T18:33:04.745+0000] {processor.py:840} INFO - DAG(s) 'stock_prices_pipeline' retrieved from /opt/airflow/dags/fetch_stock_prices.py
[2025-08-21T18:33:04.784+0000] {logging_mixin.py:188} INFO - [2025-08-21T18:33:04.783+0000] {dag.py:3096} INFO - Sync 1 DAGs
[2025-08-21T18:33:04.809+0000] {logging_mixin.py:188} INFO - [2025-08-21T18:33:04.809+0000] {dag.py:3954} INFO - Setting next_dagrun for stock_prices_pipeline to 2025-08-21 00:00:00+00:00, run_after=2025-08-22 00:00:00+00:00
[2025-08-21T18:33:04.830+0000] {processor.py:183} INFO - Processing /opt/airflow/dags/fetch_stock_prices.py took 0.112 seconds
[2025-08-21T18:33:34.964+0000] {processor.py:161} INFO - Started process (PID=318) to work on /opt/airflow/dags/fetch_stock_prices.py
[2025-08-21T18:33:34.965+0000] {processor.py:830} INFO - Processing file /opt/airflow/dags/fetch_stock_prices.py for tasks to queue
[2025-08-21T18:33:34.967+0000] {logging_mixin.py:188} INFO - [2025-08-21T18:33:34.967+0000] {dagbag.py:545} INFO - Filling up the DagBag from /opt/airflow/dags/fetch_stock_prices.py
[2025-08-21T18:33:34.983+0000] {processor.py:840} INFO - DAG(s) 'stock_prices_pipeline' retrieved from /opt/airflow/dags/fetch_stock_prices.py
[2025-08-21T18:33:35.023+0000] {logging_mixin.py:188} INFO - [2025-08-21T18:33:35.023+0000] {dag.py:3096} INFO - Sync 1 DAGs
[2025-08-21T18:33:35.049+0000] {logging_mixin.py:188} INFO - [2025-08-21T18:33:35.049+0000] {dag.py:3954} INFO - Setting next_dagrun for stock_prices_pipeline to 2025-08-21 00:00:00+00:00, run_after=2025-08-22 00:00:00+00:00
[2025-08-21T18:33:35.069+0000] {processor.py:183} INFO - Processing /opt/airflow/dags/fetch_stock_prices.py took 0.114 seconds
[2025-08-21T18:34:05.229+0000] {processor.py:161} INFO - Started process (PID=323) to work on /opt/airflow/dags/fetch_stock_prices.py
[2025-08-21T18:34:05.230+0000] {processor.py:830} INFO - Processing file /opt/airflow/dags/fetch_stock_prices.py for tasks to queue
[2025-08-21T18:34:05.232+0000] {logging_mixin.py:188} INFO - [2025-08-21T18:34:05.232+0000] {dagbag.py:545} INFO - Filling up the DagBag from /opt/airflow/dags/fetch_stock_prices.py
[2025-08-21T18:34:05.247+0000] {processor.py:840} INFO - DAG(s) 'stock_prices_pipeline' retrieved from /opt/airflow/dags/fetch_stock_prices.py
[2025-08-21T18:34:05.286+0000] {logging_mixin.py:188} INFO - [2025-08-21T18:34:05.286+0000] {dag.py:3096} INFO - Sync 1 DAGs
[2025-08-21T18:34:05.311+0000] {logging_mixin.py:188} INFO - [2025-08-21T18:34:05.311+0000] {dag.py:3954} INFO - Setting next_dagrun for stock_prices_pipeline to 2025-08-21 00:00:00+00:00, run_after=2025-08-22 00:00:00+00:00
[2025-08-21T18:34:05.333+0000] {processor.py:183} INFO - Processing /opt/airflow/dags/fetch_stock_prices.py took 0.112 seconds
[2025-08-21T18:34:35.427+0000] {processor.py:161} INFO - Started process (PID=328) to work on /opt/airflow/dags/fetch_stock_prices.py
[2025-08-21T18:34:35.428+0000] {processor.py:830} INFO - Processing file /opt/airflow/dags/fetch_stock_prices.py for tasks to queue
[2025-08-21T18:34:35.431+0000] {logging_mixin.py:188} INFO - [2025-08-21T18:34:35.431+0000] {dagbag.py:545} INFO - Filling up the DagBag from /opt/airflow/dags/fetch_stock_prices.py
[2025-08-21T18:34:35.447+0000] {processor.py:840} INFO - DAG(s) 'stock_prices_pipeline' retrieved from /opt/airflow/dags/fetch_stock_prices.py
[2025-08-21T18:34:35.486+0000] {logging_mixin.py:188} INFO - [2025-08-21T18:34:35.485+0000] {dag.py:3096} INFO - Sync 1 DAGs
[2025-08-21T18:34:35.511+0000] {logging_mixin.py:188} INFO - [2025-08-21T18:34:35.511+0000] {dag.py:3954} INFO - Setting next_dagrun for stock_prices_pipeline to 2025-08-21 00:00:00+00:00, run_after=2025-08-22 00:00:00+00:00
[2025-08-21T18:34:35.533+0000] {processor.py:183} INFO - Processing /opt/airflow/dags/fetch_stock_prices.py took 0.114 seconds
[2025-08-21T18:35:05.713+0000] {processor.py:161} INFO - Started process (PID=333) to work on /opt/airflow/dags/fetch_stock_prices.py
[2025-08-21T18:35:05.714+0000] {processor.py:830} INFO - Processing file /opt/airflow/dags/fetch_stock_prices.py for tasks to queue
[2025-08-21T18:35:05.716+0000] {logging_mixin.py:188} INFO - [2025-08-21T18:35:05.716+0000] {dagbag.py:545} INFO - Filling up the DagBag from /opt/airflow/dags/fetch_stock_prices.py
[2025-08-21T18:35:05.731+0000] {processor.py:840} INFO - DAG(s) 'stock_prices_pipeline' retrieved from /opt/airflow/dags/fetch_stock_prices.py
[2025-08-21T18:35:05.769+0000] {logging_mixin.py:188} INFO - [2025-08-21T18:35:05.768+0000] {dag.py:3096} INFO - Sync 1 DAGs
[2025-08-21T18:35:05.794+0000] {logging_mixin.py:188} INFO - [2025-08-21T18:35:05.794+0000] {dag.py:3954} INFO - Setting next_dagrun for stock_prices_pipeline to 2025-08-21 00:00:00+00:00, run_after=2025-08-22 00:00:00+00:00
[2025-08-21T18:35:05.814+0000] {processor.py:183} INFO - Processing /opt/airflow/dags/fetch_stock_prices.py took 0.109 seconds
[2025-08-21T18:35:35.913+0000] {processor.py:161} INFO - Started process (PID=338) to work on /opt/airflow/dags/fetch_stock_prices.py
[2025-08-21T18:35:35.914+0000] {processor.py:830} INFO - Processing file /opt/airflow/dags/fetch_stock_prices.py for tasks to queue
[2025-08-21T18:35:35.917+0000] {logging_mixin.py:188} INFO - [2025-08-21T18:35:35.916+0000] {dagbag.py:545} INFO - Filling up the DagBag from /opt/airflow/dags/fetch_stock_prices.py
[2025-08-21T18:35:35.931+0000] {processor.py:840} INFO - DAG(s) 'stock_prices_pipeline' retrieved from /opt/airflow/dags/fetch_stock_prices.py
[2025-08-21T18:35:35.968+0000] {logging_mixin.py:188} INFO - [2025-08-21T18:35:35.968+0000] {dag.py:3096} INFO - Sync 1 DAGs
[2025-08-21T18:35:35.993+0000] {logging_mixin.py:188} INFO - [2025-08-21T18:35:35.993+0000] {dag.py:3954} INFO - Setting next_dagrun for stock_prices_pipeline to 2025-08-21 00:00:00+00:00, run_after=2025-08-22 00:00:00+00:00
[2025-08-21T18:35:36.013+0000] {processor.py:183} INFO - Processing /opt/airflow/dags/fetch_stock_prices.py took 0.108 seconds
[2025-08-21T18:36:06.188+0000] {processor.py:161} INFO - Started process (PID=343) to work on /opt/airflow/dags/fetch_stock_prices.py
[2025-08-21T18:36:06.190+0000] {processor.py:830} INFO - Processing file /opt/airflow/dags/fetch_stock_prices.py for tasks to queue
[2025-08-21T18:36:06.192+0000] {logging_mixin.py:188} INFO - [2025-08-21T18:36:06.192+0000] {dagbag.py:545} INFO - Filling up the DagBag from /opt/airflow/dags/fetch_stock_prices.py
[2025-08-21T18:36:06.208+0000] {processor.py:840} INFO - DAG(s) 'stock_prices_pipeline' retrieved from /opt/airflow/dags/fetch_stock_prices.py
[2025-08-21T18:36:06.250+0000] {logging_mixin.py:188} INFO - [2025-08-21T18:36:06.250+0000] {dag.py:3096} INFO - Sync 1 DAGs
[2025-08-21T18:36:06.274+0000] {logging_mixin.py:188} INFO - [2025-08-21T18:36:06.274+0000] {dag.py:3954} INFO - Setting next_dagrun for stock_prices_pipeline to 2025-08-21 00:00:00+00:00, run_after=2025-08-22 00:00:00+00:00
[2025-08-21T18:36:06.294+0000] {processor.py:183} INFO - Processing /opt/airflow/dags/fetch_stock_prices.py took 0.116 seconds
[2025-08-21T18:36:36.383+0000] {processor.py:161} INFO - Started process (PID=348) to work on /opt/airflow/dags/fetch_stock_prices.py
[2025-08-21T18:36:36.384+0000] {processor.py:830} INFO - Processing file /opt/airflow/dags/fetch_stock_prices.py for tasks to queue
[2025-08-21T18:36:36.386+0000] {logging_mixin.py:188} INFO - [2025-08-21T18:36:36.386+0000] {dagbag.py:545} INFO - Filling up the DagBag from /opt/airflow/dags/fetch_stock_prices.py
[2025-08-21T18:36:36.401+0000] {processor.py:840} INFO - DAG(s) 'stock_prices_pipeline' retrieved from /opt/airflow/dags/fetch_stock_prices.py
[2025-08-21T18:36:36.443+0000] {logging_mixin.py:188} INFO - [2025-08-21T18:36:36.442+0000] {dag.py:3096} INFO - Sync 1 DAGs
[2025-08-21T18:36:36.469+0000] {logging_mixin.py:188} INFO - [2025-08-21T18:36:36.468+0000] {dag.py:3954} INFO - Setting next_dagrun for stock_prices_pipeline to 2025-08-21 00:00:00+00:00, run_after=2025-08-22 00:00:00+00:00
[2025-08-21T18:36:36.489+0000] {processor.py:183} INFO - Processing /opt/airflow/dags/fetch_stock_prices.py took 0.114 seconds
[2025-08-21T18:37:06.748+0000] {processor.py:161} INFO - Started process (PID=353) to work on /opt/airflow/dags/fetch_stock_prices.py
[2025-08-21T18:37:06.750+0000] {processor.py:830} INFO - Processing file /opt/airflow/dags/fetch_stock_prices.py for tasks to queue
[2025-08-21T18:37:06.753+0000] {logging_mixin.py:188} INFO - [2025-08-21T18:37:06.752+0000] {dagbag.py:545} INFO - Filling up the DagBag from /opt/airflow/dags/fetch_stock_prices.py
[2025-08-21T18:37:06.771+0000] {processor.py:840} INFO - DAG(s) 'stock_prices_pipeline' retrieved from /opt/airflow/dags/fetch_stock_prices.py
[2025-08-21T18:37:06.815+0000] {logging_mixin.py:188} INFO - [2025-08-21T18:37:06.815+0000] {dag.py:3096} INFO - Sync 1 DAGs
[2025-08-21T18:37:06.845+0000] {logging_mixin.py:188} INFO - [2025-08-21T18:37:06.844+0000] {dag.py:3954} INFO - Setting next_dagrun for stock_prices_pipeline to 2025-08-21 00:00:00+00:00, run_after=2025-08-22 00:00:00+00:00
[2025-08-21T18:37:06.872+0000] {processor.py:183} INFO - Processing /opt/airflow/dags/fetch_stock_prices.py took 0.135 seconds
[2025-08-21T18:37:36.944+0000] {processor.py:161} INFO - Started process (PID=358) to work on /opt/airflow/dags/fetch_stock_prices.py
[2025-08-21T18:37:36.945+0000] {processor.py:830} INFO - Processing file /opt/airflow/dags/fetch_stock_prices.py for tasks to queue
[2025-08-21T18:37:36.948+0000] {logging_mixin.py:188} INFO - [2025-08-21T18:37:36.948+0000] {dagbag.py:545} INFO - Filling up the DagBag from /opt/airflow/dags/fetch_stock_prices.py
[2025-08-21T18:37:36.963+0000] {processor.py:840} INFO - DAG(s) 'stock_prices_pipeline' retrieved from /opt/airflow/dags/fetch_stock_prices.py
[2025-08-21T18:37:37.005+0000] {logging_mixin.py:188} INFO - [2025-08-21T18:37:37.005+0000] {dag.py:3096} INFO - Sync 1 DAGs
[2025-08-21T18:37:37.034+0000] {logging_mixin.py:188} INFO - [2025-08-21T18:37:37.034+0000] {dag.py:3954} INFO - Setting next_dagrun for stock_prices_pipeline to 2025-08-21 00:00:00+00:00, run_after=2025-08-22 00:00:00+00:00
[2025-08-21T18:37:37.056+0000] {processor.py:183} INFO - Processing /opt/airflow/dags/fetch_stock_prices.py took 0.120 seconds
[2025-08-21T18:38:07.239+0000] {processor.py:161} INFO - Started process (PID=363) to work on /opt/airflow/dags/fetch_stock_prices.py
[2025-08-21T18:38:07.240+0000] {processor.py:830} INFO - Processing file /opt/airflow/dags/fetch_stock_prices.py for tasks to queue
[2025-08-21T18:38:07.242+0000] {logging_mixin.py:188} INFO - [2025-08-21T18:38:07.242+0000] {dagbag.py:545} INFO - Filling up the DagBag from /opt/airflow/dags/fetch_stock_prices.py
[2025-08-21T18:38:07.257+0000] {processor.py:840} INFO - DAG(s) 'stock_prices_pipeline' retrieved from /opt/airflow/dags/fetch_stock_prices.py
[2025-08-21T18:38:07.300+0000] {logging_mixin.py:188} INFO - [2025-08-21T18:38:07.300+0000] {dag.py:3096} INFO - Sync 1 DAGs
[2025-08-21T18:38:07.328+0000] {logging_mixin.py:188} INFO - [2025-08-21T18:38:07.328+0000] {dag.py:3954} INFO - Setting next_dagrun for stock_prices_pipeline to 2025-08-21 00:00:00+00:00, run_after=2025-08-22 00:00:00+00:00
[2025-08-21T18:38:07.351+0000] {processor.py:183} INFO - Processing /opt/airflow/dags/fetch_stock_prices.py took 0.120 seconds
[2025-08-21T18:38:37.452+0000] {processor.py:161} INFO - Started process (PID=368) to work on /opt/airflow/dags/fetch_stock_prices.py
[2025-08-21T18:38:37.453+0000] {processor.py:830} INFO - Processing file /opt/airflow/dags/fetch_stock_prices.py for tasks to queue
[2025-08-21T18:38:37.455+0000] {logging_mixin.py:188} INFO - [2025-08-21T18:38:37.455+0000] {dagbag.py:545} INFO - Filling up the DagBag from /opt/airflow/dags/fetch_stock_prices.py
[2025-08-21T18:38:37.469+0000] {processor.py:840} INFO - DAG(s) 'stock_prices_pipeline' retrieved from /opt/airflow/dags/fetch_stock_prices.py
[2025-08-21T18:38:37.508+0000] {logging_mixin.py:188} INFO - [2025-08-21T18:38:37.508+0000] {dag.py:3096} INFO - Sync 1 DAGs
[2025-08-21T18:38:37.535+0000] {logging_mixin.py:188} INFO - [2025-08-21T18:38:37.534+0000] {dag.py:3954} INFO - Setting next_dagrun for stock_prices_pipeline to 2025-08-21 00:00:00+00:00, run_after=2025-08-22 00:00:00+00:00
[2025-08-21T18:38:37.556+0000] {processor.py:183} INFO - Processing /opt/airflow/dags/fetch_stock_prices.py took 0.112 seconds
[2025-08-21T18:39:07.714+0000] {processor.py:161} INFO - Started process (PID=373) to work on /opt/airflow/dags/fetch_stock_prices.py
[2025-08-21T18:39:07.715+0000] {processor.py:830} INFO - Processing file /opt/airflow/dags/fetch_stock_prices.py for tasks to queue
[2025-08-21T18:39:07.718+0000] {logging_mixin.py:188} INFO - [2025-08-21T18:39:07.717+0000] {dagbag.py:545} INFO - Filling up the DagBag from /opt/airflow/dags/fetch_stock_prices.py
[2025-08-21T18:39:07.733+0000] {processor.py:840} INFO - DAG(s) 'stock_prices_pipeline' retrieved from /opt/airflow/dags/fetch_stock_prices.py
[2025-08-21T18:39:07.777+0000] {logging_mixin.py:188} INFO - [2025-08-21T18:39:07.777+0000] {dag.py:3096} INFO - Sync 1 DAGs
[2025-08-21T18:39:07.807+0000] {logging_mixin.py:188} INFO - [2025-08-21T18:39:07.806+0000] {dag.py:3954} INFO - Setting next_dagrun for stock_prices_pipeline to 2025-08-21 00:00:00+00:00, run_after=2025-08-22 00:00:00+00:00
[2025-08-21T18:39:07.833+0000] {processor.py:183} INFO - Processing /opt/airflow/dags/fetch_stock_prices.py took 0.128 seconds
[2025-08-21T18:39:37.912+0000] {processor.py:161} INFO - Started process (PID=378) to work on /opt/airflow/dags/fetch_stock_prices.py
[2025-08-21T18:39:37.913+0000] {processor.py:830} INFO - Processing file /opt/airflow/dags/fetch_stock_prices.py for tasks to queue
[2025-08-21T18:39:37.915+0000] {logging_mixin.py:188} INFO - [2025-08-21T18:39:37.915+0000] {dagbag.py:545} INFO - Filling up the DagBag from /opt/airflow/dags/fetch_stock_prices.py
[2025-08-21T18:39:37.931+0000] {processor.py:840} INFO - DAG(s) 'stock_prices_pipeline' retrieved from /opt/airflow/dags/fetch_stock_prices.py
[2025-08-21T18:39:37.974+0000] {logging_mixin.py:188} INFO - [2025-08-21T18:39:37.973+0000] {dag.py:3096} INFO - Sync 1 DAGs
[2025-08-21T18:39:38.001+0000] {logging_mixin.py:188} INFO - [2025-08-21T18:39:38.001+0000] {dag.py:3954} INFO - Setting next_dagrun for stock_prices_pipeline to 2025-08-21 00:00:00+00:00, run_after=2025-08-22 00:00:00+00:00
[2025-08-21T18:39:38.024+0000] {processor.py:183} INFO - Processing /opt/airflow/dags/fetch_stock_prices.py took 0.120 seconds
[2025-08-21T18:40:08.200+0000] {processor.py:161} INFO - Started process (PID=383) to work on /opt/airflow/dags/fetch_stock_prices.py
[2025-08-21T18:40:08.201+0000] {processor.py:830} INFO - Processing file /opt/airflow/dags/fetch_stock_prices.py for tasks to queue
[2025-08-21T18:40:08.204+0000] {logging_mixin.py:188} INFO - [2025-08-21T18:40:08.203+0000] {dagbag.py:545} INFO - Filling up the DagBag from /opt/airflow/dags/fetch_stock_prices.py
[2025-08-21T18:40:08.218+0000] {processor.py:840} INFO - DAG(s) 'stock_prices_pipeline' retrieved from /opt/airflow/dags/fetch_stock_prices.py
[2025-08-21T18:40:08.255+0000] {logging_mixin.py:188} INFO - [2025-08-21T18:40:08.255+0000] {dag.py:3096} INFO - Sync 1 DAGs
[2025-08-21T18:40:08.279+0000] {logging_mixin.py:188} INFO - [2025-08-21T18:40:08.279+0000] {dag.py:3954} INFO - Setting next_dagrun for stock_prices_pipeline to 2025-08-21 00:00:00+00:00, run_after=2025-08-22 00:00:00+00:00
[2025-08-21T18:40:08.300+0000] {processor.py:183} INFO - Processing /opt/airflow/dags/fetch_stock_prices.py took 0.107 seconds
[2025-08-21T18:40:38.409+0000] {processor.py:161} INFO - Started process (PID=388) to work on /opt/airflow/dags/fetch_stock_prices.py
[2025-08-21T18:40:38.410+0000] {processor.py:830} INFO - Processing file /opt/airflow/dags/fetch_stock_prices.py for tasks to queue
[2025-08-21T18:40:38.412+0000] {logging_mixin.py:188} INFO - [2025-08-21T18:40:38.412+0000] {dagbag.py:545} INFO - Filling up the DagBag from /opt/airflow/dags/fetch_stock_prices.py
[2025-08-21T18:40:38.426+0000] {processor.py:840} INFO - DAG(s) 'stock_prices_pipeline' retrieved from /opt/airflow/dags/fetch_stock_prices.py
[2025-08-21T18:40:38.465+0000] {logging_mixin.py:188} INFO - [2025-08-21T18:40:38.465+0000] {dag.py:3096} INFO - Sync 1 DAGs
[2025-08-21T18:40:38.491+0000] {logging_mixin.py:188} INFO - [2025-08-21T18:40:38.490+0000] {dag.py:3954} INFO - Setting next_dagrun for stock_prices_pipeline to 2025-08-21 00:00:00+00:00, run_after=2025-08-22 00:00:00+00:00
[2025-08-21T18:40:38.511+0000] {processor.py:183} INFO - Processing /opt/airflow/dags/fetch_stock_prices.py took 0.110 seconds
[2025-08-21T18:41:08.689+0000] {processor.py:161} INFO - Started process (PID=393) to work on /opt/airflow/dags/fetch_stock_prices.py
[2025-08-21T18:41:08.690+0000] {processor.py:830} INFO - Processing file /opt/airflow/dags/fetch_stock_prices.py for tasks to queue
[2025-08-21T18:41:08.692+0000] {logging_mixin.py:188} INFO - [2025-08-21T18:41:08.691+0000] {dagbag.py:545} INFO - Filling up the DagBag from /opt/airflow/dags/fetch_stock_prices.py
[2025-08-21T18:41:08.706+0000] {processor.py:840} INFO - DAG(s) 'stock_prices_pipeline' retrieved from /opt/airflow/dags/fetch_stock_prices.py
[2025-08-21T18:41:08.745+0000] {logging_mixin.py:188} INFO - [2025-08-21T18:41:08.745+0000] {dag.py:3096} INFO - Sync 1 DAGs
[2025-08-21T18:41:08.772+0000] {logging_mixin.py:188} INFO - [2025-08-21T18:41:08.771+0000] {dag.py:3954} INFO - Setting next_dagrun for stock_prices_pipeline to 2025-08-21 00:00:00+00:00, run_after=2025-08-22 00:00:00+00:00
[2025-08-21T18:41:08.792+0000] {processor.py:183} INFO - Processing /opt/airflow/dags/fetch_stock_prices.py took 0.111 seconds
